#-----------------------------------------------------------
# Vivado v2016.4 (64-bit)
# SW Build 1756540 on Mon Jan 23 19:11:23 MST 2017
# IP Build 1755317 on Mon Jan 23 20:30:07 MST 2017
# Start of session at: Thu Aug 09 21:24:36 2018
# Process ID: 4420
# Current directory: D:/Programs/Developing/Dig2_Pong_Joostens_Tomek
# Command line: vivado.exe -gui_launcher_event rodinguilauncherevent5792 D:\Programs\Developing\Dig2_Pong_Joostens_Tomek\Dig2_Pong_Joostens_Tomek.xpr
# Log file: D:/Programs/Developing/Dig2_Pong_Joostens_Tomek/vivado.log
# Journal file: D:/Programs/Developing/Dig2_Pong_Joostens_Tomek\vivado.jou
#-----------------------------------------------------------
start_gui
open_project D:/Programs/Developing/Dig2_Pong_Joostens_Tomek/Dig2_Pong_Joostens_Tomek.xpr
Scanning sources...
Finished scanning sources
INFO: [IP_Flow 19-234] Refreshing IP repositories
INFO: [IP_Flow 19-1704] No user IP repositories specified
INFO: [IP_Flow 19-2313] Loaded Vivado IP repository 'C:/Xilinx/Vivado/2016.4/data/ip'.
reset_run synth_1
launch_runs synth_1 -jobs 4
INFO: [HDL 9-1061] Parsing VHDL file "D:/Programs/Developing/Dig2_Pong_Joostens_Tomek/Dig2_Pong_Joostens_Tomek.srcs/sources_1/new/clk_wiz_0.vhd" into library xil_defaultlib [D:/Programs/Developing/Dig2_Pong_Joostens_Tomek/Dig2_Pong_Joostens_Tomek.srcs/sources_1/new/clk_wiz_0.vhd:1]
INFO: [HDL 9-1061] Parsing VHDL file "D:/Programs/Developing/Dig2_Pong_Joostens_Tomek/Dig2_Pong_Joostens_Tomek.srcs/sources_1/new/clock.vhd" into library xil_defaultlib [D:/Programs/Developing/Dig2_Pong_Joostens_Tomek/Dig2_Pong_Joostens_Tomek.srcs/sources_1/new/clock.vhd:1]
INFO: [HDL 9-1061] Parsing VHDL file "D:/Programs/Developing/Dig2_Pong_Joostens_Tomek/Dig2_Pong_Joostens_Tomek.srcs/sources_1/new/clock_div.vhd" into library xil_defaultlib [D:/Programs/Developing/Dig2_Pong_Joostens_Tomek/Dig2_Pong_Joostens_Tomek.srcs/sources_1/new/clock_div.vhd:1]
INFO: [HDL 9-1061] Parsing VHDL file "D:/Programs/Developing/Dig2_Pong_Joostens_Tomek/Dig2_Pong_Joostens_Tomek.srcs/sources_1/new/layer_background.vhd" into library xil_defaultlib [D:/Programs/Developing/Dig2_Pong_Joostens_Tomek/Dig2_Pong_Joostens_Tomek.srcs/sources_1/new/layer_background.vhd:1]
INFO: [HDL 9-1061] Parsing VHDL file "D:/Programs/Developing/Dig2_Pong_Joostens_Tomek/Dig2_Pong_Joostens_Tomek.srcs/sources_1/new/mux21.vhd" into library xil_defaultlib [D:/Programs/Developing/Dig2_Pong_Joostens_Tomek/Dig2_Pong_Joostens_Tomek.srcs/sources_1/new/mux21.vhd:1]
INFO: [HDL 9-1061] Parsing VHDL file "D:/Programs/Developing/Dig2_Pong_Joostens_Tomek/Dig2_Pong_Joostens_Tomek.srcs/sources_1/new/seg7.vhd" into library xil_defaultlib [D:/Programs/Developing/Dig2_Pong_Joostens_Tomek/Dig2_Pong_Joostens_Tomek.srcs/sources_1/new/seg7.vhd:1]
INFO: [HDL 9-1061] Parsing VHDL file "D:/Programs/Developing/Dig2_Pong_Joostens_Tomek/Dig2_Pong_Joostens_Tomek.srcs/sources_1/new/top_module.vhd" into library xil_defaultlib [D:/Programs/Developing/Dig2_Pong_Joostens_Tomek/Dig2_Pong_Joostens_Tomek.srcs/sources_1/new/top_module.vhd:1]
INFO: [HDL 9-1061] Parsing VHDL file "D:/Programs/Developing/Dig2_Pong_Joostens_Tomek/Dig2_Pong_Joostens_Tomek.srcs/sources_1/new/vga_640x480.vhd" into library xil_defaultlib [D:/Programs/Developing/Dig2_Pong_Joostens_Tomek/Dig2_Pong_Joostens_Tomek.srcs/sources_1/new/vga_640x480.vhd:1]
INFO: [HDL 9-1061] Parsing VHDL file "D:/Programs/Developing/Dig2_Pong_Joostens_Tomek/Dig2_Pong_Joostens_Tomek.srcs/sources_1/new/vga_sprite.vhd" into library xil_defaultlib [D:/Programs/Developing/Dig2_Pong_Joostens_Tomek/Dig2_Pong_Joostens_Tomek.srcs/sources_1/new/vga_sprite.vhd:1]
[Thu Aug 09 21:24:55 2018] Launched synth_1...
Run output will be captured here: D:/Programs/Developing/Dig2_Pong_Joostens_Tomek/Dig2_Pong_Joostens_Tomek.runs/synth_1/runme.log
reset_run synth_1
launch_runs synth_1 -jobs 4
INFO: [HDL 9-1061] Parsing VHDL file "D:/Programs/Developing/Dig2_Pong_Joostens_Tomek/Dig2_Pong_Joostens_Tomek.srcs/sources_1/new/top_module.vhd" into library xil_defaultlib [D:/Programs/Developing/Dig2_Pong_Joostens_Tomek/Dig2_Pong_Joostens_Tomek.srcs/sources_1/new/top_module.vhd:1]
[Thu Aug 09 21:26:58 2018] Launched synth_1...
Run output will be captured here: D:/Programs/Developing/Dig2_Pong_Joostens_Tomek/Dig2_Pong_Joostens_Tomek.runs/synth_1/runme.log
reset_run synth_1
launch_runs synth_1 -jobs 4
INFO: [HDL 9-1061] Parsing VHDL file "D:/Programs/Developing/Dig2_Pong_Joostens_Tomek/Dig2_Pong_Joostens_Tomek.srcs/sources_1/new/top_module.vhd" into library xil_defaultlib [D:/Programs/Developing/Dig2_Pong_Joostens_Tomek/Dig2_Pong_Joostens_Tomek.srcs/sources_1/new/top_module.vhd:1]
[Thu Aug 09 21:41:52 2018] Launched synth_1...
Run output will be captured here: D:/Programs/Developing/Dig2_Pong_Joostens_Tomek/Dig2_Pong_Joostens_Tomek.runs/synth_1/runme.log
launch_runs impl_1 -jobs 4
[Thu Aug 09 21:42:18 2018] Launched impl_1...
Run output will be captured here: D:/Programs/Developing/Dig2_Pong_Joostens_Tomek/Dig2_Pong_Joostens_Tomek.runs/impl_1/runme.log
launch_runs impl_1 -to_step write_bitstream -jobs 4
[Thu Aug 09 21:43:34 2018] Launched impl_1...
Run output will be captured here: D:/Programs/Developing/Dig2_Pong_Joostens_Tomek/Dig2_Pong_Joostens_Tomek.runs/impl_1/runme.log
open_hw
connect_hw_server
INFO: [Labtools 27-2285] Connecting to hw_server url TCP:localhost:3121
INFO: [Labtools 27-2222] Launching hw_server...
INFO: [Labtools 27-2221] Launch Output:

****** Xilinx hw_server v2016.4
  **** Build date : Jan 23 2017-19:37:29
    ** Copyright 1986-2016 Xilinx, Inc. All Rights Reserved.


open_hw_target
INFO: [Labtoolstcl 44-466] Opening hw_target localhost:3121/xilinx_tcf/Digilent/210183739365A
set_property PROGRAM.FILE {D:/Programs/Developing/Dig2_Pong_Joostens_Tomek/Dig2_Pong_Joostens_Tomek.runs/impl_1/top_module.bit} [lindex [get_hw_devices xc7a35t_0] 0]
current_hw_device [lindex [get_hw_devices xc7a35t_0] 0]
refresh_hw_device -update_hw_probes false [lindex [get_hw_devices xc7a35t_0] 0]
INFO: [Labtools 27-1434] Device xc7a35t (JTAG device index = 0) is programmed with a design that has no supported debug core(s) in it.
WARNING: [Labtools 27-3123] The debug hub core was not detected at User Scan Chain 1 or 3.
Resolution: 
1. Make sure the clock connected to the debug hub (dbg_hub) core is a free running clock and is active OR
2. Manually launch hw_server with -e "set xsdb-user-bscan <C_USER_SCAN_CHAIN scan_chain_number>" to detect the debug hub at User Scan Chain of 2 or 4. To determine the user scan chain setting, open the implemented design and use: get_property C_USER_SCAN_CHAIN [get_debug_cores dbg_hub].
set_property PROBES.FILE {} [lindex [get_hw_devices xc7a35t_0] 0]
set_property PROGRAM.FILE {D:/Programs/Developing/Dig2_Pong_Joostens_Tomek/Dig2_Pong_Joostens_Tomek.runs/impl_1/top_module.bit} [lindex [get_hw_devices xc7a35t_0] 0]
program_hw_devices [lindex [get_hw_devices xc7a35t_0] 0]
INFO: [Labtools 27-3164] End of startup status: HIGH
refresh_hw_device [lindex [get_hw_devices xc7a35t_0] 0]
INFO: [Labtools 27-1434] Device xc7a35t (JTAG device index = 0) is programmed with a design that has no supported debug core(s) in it.
WARNING: [Labtools 27-3123] The debug hub core was not detected at User Scan Chain 1 or 3.
Resolution: 
1. Make sure the clock connected to the debug hub (dbg_hub) core is a free running clock and is active OR
2. Manually launch hw_server with -e "set xsdb-user-bscan <C_USER_SCAN_CHAIN scan_chain_number>" to detect the debug hub at User Scan Chain of 2 or 4. To determine the user scan chain setting, open the implemented design and use: get_property C_USER_SCAN_CHAIN [get_debug_cores dbg_hub].
WARNING: [Labtoolstcl 44-130] No matching hw_ilas were found.
WARNING: [Labtoolstcl 44-130] No matching hw_ilas were found.
WARNING: [Labtoolstcl 44-130] No matching hw_ilas were found.
WARNING: [Labtoolstcl 44-130] No matching hw_ilas were found.
reset_run synth_1
launch_runs synth_1 -jobs 4
INFO: [HDL 9-1061] Parsing VHDL file "D:/Programs/Developing/Dig2_Pong_Joostens_Tomek/Dig2_Pong_Joostens_Tomek.srcs/sources_1/new/vga_sprite.vhd" into library xil_defaultlib [D:/Programs/Developing/Dig2_Pong_Joostens_Tomek/Dig2_Pong_Joostens_Tomek.srcs/sources_1/new/vga_sprite.vhd:1]
[Thu Aug 09 21:51:27 2018] Launched synth_1...
Run output will be captured here: D:/Programs/Developing/Dig2_Pong_Joostens_Tomek/Dig2_Pong_Joostens_Tomek.runs/synth_1/runme.log
launch_runs impl_1 -jobs 4
[Thu Aug 09 21:51:58 2018] Launched impl_1...
Run output will be captured here: D:/Programs/Developing/Dig2_Pong_Joostens_Tomek/Dig2_Pong_Joostens_Tomek.runs/impl_1/runme.log
launch_runs impl_1 -to_step write_bitstream -jobs 4
[Thu Aug 09 21:52:43 2018] Launched impl_1...
Run output will be captured here: D:/Programs/Developing/Dig2_Pong_Joostens_Tomek/Dig2_Pong_Joostens_Tomek.runs/impl_1/runme.log
set_property PROBES.FILE {} [lindex [get_hw_devices xc7a35t_0] 0]
set_property PROGRAM.FILE {D:/Programs/Developing/Dig2_Pong_Joostens_Tomek/Dig2_Pong_Joostens_Tomek.runs/impl_1/top_module.bit} [lindex [get_hw_devices xc7a35t_0] 0]
program_hw_devices [lindex [get_hw_devices xc7a35t_0] 0]
INFO: [Labtools 27-3164] End of startup status: HIGH
refresh_hw_device [lindex [get_hw_devices xc7a35t_0] 0]
INFO: [Labtools 27-1434] Device xc7a35t (JTAG device index = 0) is programmed with a design that has no supported debug core(s) in it.
WARNING: [Labtools 27-3123] The debug hub core was not detected at User Scan Chain 1 or 3.
Resolution: 
1. Make sure the clock connected to the debug hub (dbg_hub) core is a free running clock and is active OR
2. Manually launch hw_server with -e "set xsdb-user-bscan <C_USER_SCAN_CHAIN scan_chain_number>" to detect the debug hub at User Scan Chain of 2 or 4. To determine the user scan chain setting, open the implemented design and use: get_property C_USER_SCAN_CHAIN [get_debug_cores dbg_hub].
WARNING: [Labtoolstcl 44-130] No matching hw_ilas were found.
WARNING: [Labtoolstcl 44-130] No matching hw_ilas were found.
WARNING: [Labtoolstcl 44-130] No matching hw_ilas were found.
WARNING: [Labtoolstcl 44-130] No matching hw_ilas were found.
reset_run synth_1
launch_runs synth_1 -jobs 4
INFO: [HDL 9-1061] Parsing VHDL file "D:/Programs/Developing/Dig2_Pong_Joostens_Tomek/Dig2_Pong_Joostens_Tomek.srcs/sources_1/new/vga_sprite.vhd" into library xil_defaultlib [D:/Programs/Developing/Dig2_Pong_Joostens_Tomek/Dig2_Pong_Joostens_Tomek.srcs/sources_1/new/vga_sprite.vhd:1]
[Thu Aug 09 21:54:52 2018] Launched synth_1...
Run output will be captured here: D:/Programs/Developing/Dig2_Pong_Joostens_Tomek/Dig2_Pong_Joostens_Tomek.runs/synth_1/runme.log
launch_runs impl_1 -jobs 4
[Thu Aug 09 21:55:19 2018] Launched impl_1...
Run output will be captured here: D:/Programs/Developing/Dig2_Pong_Joostens_Tomek/Dig2_Pong_Joostens_Tomek.runs/impl_1/runme.log
launch_runs impl_1 -to_step write_bitstream -jobs 4
[Thu Aug 09 21:56:34 2018] Launched impl_1...
Run output will be captured here: D:/Programs/Developing/Dig2_Pong_Joostens_Tomek/Dig2_Pong_Joostens_Tomek.runs/impl_1/runme.log
set_property PROBES.FILE {} [lindex [get_hw_devices xc7a35t_0] 0]
set_property PROGRAM.FILE {D:/Programs/Developing/Dig2_Pong_Joostens_Tomek/Dig2_Pong_Joostens_Tomek.runs/impl_1/top_module.bit} [lindex [get_hw_devices xc7a35t_0] 0]
program_hw_devices [lindex [get_hw_devices xc7a35t_0] 0]
INFO: [Labtools 27-3164] End of startup status: HIGH
refresh_hw_device [lindex [get_hw_devices xc7a35t_0] 0]
INFO: [Labtools 27-1434] Device xc7a35t (JTAG device index = 0) is programmed with a design that has no supported debug core(s) in it.
WARNING: [Labtools 27-3123] The debug hub core was not detected at User Scan Chain 1 or 3.
Resolution: 
1. Make sure the clock connected to the debug hub (dbg_hub) core is a free running clock and is active OR
2. Manually launch hw_server with -e "set xsdb-user-bscan <C_USER_SCAN_CHAIN scan_chain_number>" to detect the debug hub at User Scan Chain of 2 or 4. To determine the user scan chain setting, open the implemented design and use: get_property C_USER_SCAN_CHAIN [get_debug_cores dbg_hub].
WARNING: [Labtoolstcl 44-130] No matching hw_ilas were found.
WARNING: [Labtoolstcl 44-130] No matching hw_ilas were found.
WARNING: [Labtoolstcl 44-130] No matching hw_ilas were found.
WARNING: [Labtoolstcl 44-130] No matching hw_ilas were found.
INFO: [Device 21-403] Loading part xc7a35tcpg236-1
WARNING: [IP_Flow 19-4067] Ignoring invalid widget type specified checkbox.Providing a default widget
WARNING: [IP_Flow 19-4067] Ignoring invalid widget type specified checkbox.Providing a default widget
WARNING: [IP_Flow 19-4067] Ignoring invalid widget type specified checkbox.Providing a default widget
WARNING: [IP_Flow 19-4067] Ignoring invalid widget type specified checkbox.Providing a default widget
WARNING: [IP_Flow 19-4067] Ignoring invalid widget type specified checkbox.Providing a default widget
WARNING: [IP_Flow 19-4067] Ignoring invalid widget type specified checkbox.Providing a default widget
WARNING: [IP_Flow 19-4067] Ignoring invalid widget type specified checkbox.Providing a default widget
WARNING: [IP_Flow 19-4067] Ignoring invalid widget type specified checkbox.Providing a default widget
set_property -dict [list CONFIG.Write_Width_A {4} CONFIG.Write_Depth_A {24} CONFIG.Coe_File {d:/Programs/Developing/Dig2_Pong_Joostens_Tomek/Dig2_Pong_Joostens_Tomek.srcs/sources_1/ip/paddle.coe} CONFIG.Read_Width_A {4} CONFIG.Write_Width_B {4} CONFIG.Read_Width_B {4}] [get_ips blk_mem_gen_0]
INFO: [IP_Flow 19-3484] Absolute path of file 'd:/Programs/Developing/Dig2_Pong_Joostens_Tomek/Dig2_Pong_Joostens_Tomek.srcs/sources_1/ip/paddle.coe' provided. It will be converted relative to IP Instance files '../paddle.coe'
generate_target all [get_files  D:/Programs/Developing/Dig2_Pong_Joostens_Tomek/Dig2_Pong_Joostens_Tomek.srcs/sources_1/ip/blk_mem_gen_0/blk_mem_gen_0.xci]
INFO: [IP_Flow 19-1686] Generating 'Instantiation Template' target for IP 'blk_mem_gen_0'...
INFO: [IP_Flow 19-1686] Generating 'Synthesis' target for IP 'blk_mem_gen_0'...
INFO: [IP_Flow 19-1686] Generating 'Simulation' target for IP 'blk_mem_gen_0'...
INFO: [IP_Flow 19-1686] Generating 'Miscellaneous' target for IP 'blk_mem_gen_0'...
INFO: [IP_Flow 19-1686] Generating 'Change Log' target for IP 'blk_mem_gen_0'...
catch { config_ip_cache -export [get_ips -all blk_mem_gen_0] }
export_ip_user_files -of_objects [get_files D:/Programs/Developing/Dig2_Pong_Joostens_Tomek/Dig2_Pong_Joostens_Tomek.srcs/sources_1/ip/blk_mem_gen_0/blk_mem_gen_0.xci] -no_script -sync -force -quiet
reset_run blk_mem_gen_0_synth_1
launch_runs -jobs 4 blk_mem_gen_0_synth_1
[Thu Aug 09 22:33:38 2018] Launched blk_mem_gen_0_synth_1...
Run output will be captured here: D:/Programs/Developing/Dig2_Pong_Joostens_Tomek/Dig2_Pong_Joostens_Tomek.runs/blk_mem_gen_0_synth_1/runme.log
export_simulation -of_objects [get_files D:/Programs/Developing/Dig2_Pong_Joostens_Tomek/Dig2_Pong_Joostens_Tomek.srcs/sources_1/ip/blk_mem_gen_0/blk_mem_gen_0.xci] -directory D:/Programs/Developing/Dig2_Pong_Joostens_Tomek/Dig2_Pong_Joostens_Tomek.ip_user_files/sim_scripts -ip_user_files_dir D:/Programs/Developing/Dig2_Pong_Joostens_Tomek/Dig2_Pong_Joostens_Tomek.ip_user_files -ipstatic_source_dir D:/Programs/Developing/Dig2_Pong_Joostens_Tomek/Dig2_Pong_Joostens_Tomek.ip_user_files/ipstatic -lib_map_path [list {modelsim=D:/Programs/Developing/Dig2_Pong_Joostens_Tomek/Dig2_Pong_Joostens_Tomek.cache/compile_simlib/modelsim} {questa=D:/Programs/Developing/Dig2_Pong_Joostens_Tomek/Dig2_Pong_Joostens_Tomek.cache/compile_simlib/questa} {riviera=D:/Programs/Developing/Dig2_Pong_Joostens_Tomek/Dig2_Pong_Joostens_Tomek.cache/compile_simlib/riviera} {activehdl=D:/Programs/Developing/Dig2_Pong_Joostens_Tomek/Dig2_Pong_Joostens_Tomek.cache/compile_simlib/activehdl}] -use_ip_compiled_libs -force -quiet
reset_run synth_1
launch_runs synth_1 -jobs 4
[Thu Aug 09 22:36:03 2018] Launched synth_1...
Run output will be captured here: D:/Programs/Developing/Dig2_Pong_Joostens_Tomek/Dig2_Pong_Joostens_Tomek.runs/synth_1/runme.log
reset_run synth_1
launch_runs synth_1 -jobs 4
INFO: [HDL 9-1061] Parsing VHDL file "D:/Programs/Developing/Dig2_Pong_Joostens_Tomek/Dig2_Pong_Joostens_Tomek.srcs/sources_1/new/top_module.vhd" into library xil_defaultlib [D:/Programs/Developing/Dig2_Pong_Joostens_Tomek/Dig2_Pong_Joostens_Tomek.srcs/sources_1/new/top_module.vhd:1]
[Thu Aug 09 22:43:53 2018] Launched synth_1...
Run output will be captured here: D:/Programs/Developing/Dig2_Pong_Joostens_Tomek/Dig2_Pong_Joostens_Tomek.runs/synth_1/runme.log
WARNING: [IP_Flow 19-4067] Ignoring invalid widget type specified checkbox.Providing a default widget
WARNING: [IP_Flow 19-4067] Ignoring invalid widget type specified checkbox.Providing a default widget
reset_run synth_1
launch_runs synth_1 -jobs 4
INFO: [HDL 9-1061] Parsing VHDL file "D:/Programs/Developing/Dig2_Pong_Joostens_Tomek/Dig2_Pong_Joostens_Tomek.srcs/sources_1/new/vga_sprite.vhd" into library xil_defaultlib [D:/Programs/Developing/Dig2_Pong_Joostens_Tomek/Dig2_Pong_Joostens_Tomek.srcs/sources_1/new/vga_sprite.vhd:1]
[Thu Aug 09 22:52:55 2018] Launched synth_1...
Run output will be captured here: D:/Programs/Developing/Dig2_Pong_Joostens_Tomek/Dig2_Pong_Joostens_Tomek.runs/synth_1/runme.log
reset_run synth_1
launch_runs synth_1 -jobs 4
INFO: [HDL 9-1061] Parsing VHDL file "D:/Programs/Developing/Dig2_Pong_Joostens_Tomek/Dig2_Pong_Joostens_Tomek.srcs/sources_1/new/top_module.vhd" into library xil_defaultlib [D:/Programs/Developing/Dig2_Pong_Joostens_Tomek/Dig2_Pong_Joostens_Tomek.srcs/sources_1/new/top_module.vhd:1]
[Thu Aug 09 22:53:49 2018] Launched synth_1...
Run output will be captured here: D:/Programs/Developing/Dig2_Pong_Joostens_Tomek/Dig2_Pong_Joostens_Tomek.runs/synth_1/runme.log
WARNING: [IP_Flow 19-4067] Ignoring invalid widget type specified checkbox.Providing a default widget
WARNING: [IP_Flow 19-4067] Ignoring invalid widget type specified checkbox.Providing a default widget
WARNING: [IP_Flow 19-4067] Ignoring invalid widget type specified checkbox.Providing a default widget
WARNING: [IP_Flow 19-4067] Ignoring invalid widget type specified checkbox.Providing a default widget
reset_run synth_1
launch_runs synth_1 -jobs 4
INFO: [HDL 9-1061] Parsing VHDL file "D:/Programs/Developing/Dig2_Pong_Joostens_Tomek/Dig2_Pong_Joostens_Tomek.srcs/sources_1/new/top_module.vhd" into library xil_defaultlib [D:/Programs/Developing/Dig2_Pong_Joostens_Tomek/Dig2_Pong_Joostens_Tomek.srcs/sources_1/new/top_module.vhd:1]
[Thu Aug 09 23:03:26 2018] Launched synth_1...
Run output will be captured here: D:/Programs/Developing/Dig2_Pong_Joostens_Tomek/Dig2_Pong_Joostens_Tomek.runs/synth_1/runme.log
reset_run synth_1
launch_runs synth_1 -jobs 4
INFO: [HDL 9-1061] Parsing VHDL file "D:/Programs/Developing/Dig2_Pong_Joostens_Tomek/Dig2_Pong_Joostens_Tomek.srcs/sources_1/new/vga_sprite.vhd" into library xil_defaultlib [D:/Programs/Developing/Dig2_Pong_Joostens_Tomek/Dig2_Pong_Joostens_Tomek.srcs/sources_1/new/vga_sprite.vhd:1]
[Thu Aug 09 23:05:52 2018] Launched synth_1...
Run output will be captured here: D:/Programs/Developing/Dig2_Pong_Joostens_Tomek/Dig2_Pong_Joostens_Tomek.runs/synth_1/runme.log
reset_run synth_1
launch_runs synth_1 -jobs 4
INFO: [HDL 9-1061] Parsing VHDL file "D:/Programs/Developing/Dig2_Pong_Joostens_Tomek/Dig2_Pong_Joostens_Tomek.srcs/sources_1/new/vga_sprite.vhd" into library xil_defaultlib [D:/Programs/Developing/Dig2_Pong_Joostens_Tomek/Dig2_Pong_Joostens_Tomek.srcs/sources_1/new/vga_sprite.vhd:1]
[Thu Aug 09 23:06:19 2018] Launched synth_1...
Run output will be captured here: D:/Programs/Developing/Dig2_Pong_Joostens_Tomek/Dig2_Pong_Joostens_Tomek.runs/synth_1/runme.log
reset_run synth_1
launch_runs synth_1 -jobs 4
INFO: [HDL 9-1061] Parsing VHDL file "D:/Programs/Developing/Dig2_Pong_Joostens_Tomek/Dig2_Pong_Joostens_Tomek.srcs/sources_1/new/top_module.vhd" into library xil_defaultlib [D:/Programs/Developing/Dig2_Pong_Joostens_Tomek/Dig2_Pong_Joostens_Tomek.srcs/sources_1/new/top_module.vhd:1]
[Thu Aug 09 23:08:19 2018] Launched synth_1...
Run output will be captured here: D:/Programs/Developing/Dig2_Pong_Joostens_Tomek/Dig2_Pong_Joostens_Tomek.runs/synth_1/runme.log
exit
INFO: [Common 17-206] Exiting Vivado at Thu Aug 09 23:09:05 2018...
