#-----------------------------------------------------------
# Vivado v2016.4 (64-bit)
# SW Build 1756540 on Mon Jan 23 19:11:23 MST 2017
# IP Build 1755317 on Mon Jan 23 20:30:07 MST 2017
# Start of session at: Sun Aug 12 13:51:08 2018
# Process ID: 20548
# Current directory: C:/Users/joost/OneDrive/Bureaublad/Dig2_Pong_Joostens_Tomek-master
# Command line: vivado.exe -gui_launcher_event rodinguilauncherevent20156 C:\Users\joost\OneDrive\Bureaublad\Dig2_Pong_Joostens_Tomek-master\Dig2_Pong_Joostens_Tomek.xpr
# Log file: C:/Users/joost/OneDrive/Bureaublad/Dig2_Pong_Joostens_Tomek-master/vivado.log
# Journal file: C:/Users/joost/OneDrive/Bureaublad/Dig2_Pong_Joostens_Tomek-master\vivado.jou
#-----------------------------------------------------------
start_gui
open_project C:/Users/joost/OneDrive/Bureaublad/Dig2_Pong_Joostens_Tomek-master/Dig2_Pong_Joostens_Tomek.xpr
Scanning sources...
Finished scanning sources
INFO: [IP_Flow 19-234] Refreshing IP repositories
INFO: [IP_Flow 19-1704] No user IP repositories specified
INFO: [IP_Flow 19-2313] Loaded Vivado IP repository 'C:/Xilinx/Vivado/2016.4/data/ip'.
WARNING: [IP_Flow 19-2162] IP 'clk_wiz_0' is locked:
* Project containing IP 'clk_wiz_0' is read-only.
Please select 'Report IP Status' from the 'Tools/Report' menu or run Tcl command 'report_ip_status' for more information.
WARNING: [IP_Flow 19-2162] IP 'blk_mem_gen_0' is locked:
* Project containing IP 'blk_mem_gen_0' is read-only.
Please select 'Report IP Status' from the 'Tools/Report' menu or run Tcl command 'report_ip_status' for more information.
WARNING: [IP_Flow 19-2162] IP 'blk_mem_gen_ball' is locked:
* Project containing IP 'blk_mem_gen_ball' is read-only.
Please select 'Report IP Status' from the 'Tools/Report' menu or run Tcl command 'report_ip_status' for more information.
exit
INFO: [Common 17-206] Exiting Vivado at Sun Aug 12 13:51:36 2018...
