#-----------------------------------------------------------
# Vivado v2016.4 (64-bit)
# SW Build 1756540 on Mon Jan 23 19:11:23 MST 2017
# IP Build 1755317 on Mon Jan 23 20:30:07 MST 2017
# Start of session at: Mon Aug 06 12:19:42 2018
# Process ID: 8728
# Current directory: D:/Programs/Developing/Dig2_Pong_Joostens_Tomek
# Command line: vivado.exe -gui_launcher_event rodinguilauncherevent10516 D:\Programs\Developing\Dig2_Pong_Joostens_Tomek\Dig2_Pong_Joostens_Tomek.xpr
# Log file: D:/Programs/Developing/Dig2_Pong_Joostens_Tomek/vivado.log
# Journal file: D:/Programs/Developing/Dig2_Pong_Joostens_Tomek\vivado.jou
#-----------------------------------------------------------
start_gui
open_project D:/Programs/Developing/Dig2_Pong_Joostens_Tomek/Dig2_Pong_Joostens_Tomek.xpr
Scanning sources...
Finished scanning sources
INFO: [IP_Flow 19-234] Refreshing IP repositories
INFO: [IP_Flow 19-1704] No user IP repositories specified
INFO: [IP_Flow 19-2313] Loaded Vivado IP repository 'C:/Xilinx/Vivado/2016.4/data/ip'.
reset_run synth_1
launch_runs synth_1 -jobs 4
INFO: [HDL 9-1061] Parsing VHDL file "D:/Programs/Developing/Dig2_Pong_Joostens_Tomek/Dig2_Pong_Joostens_Tomek.srcs/sources_1/new/seg7.vhd" into library xil_defaultlib [D:/Programs/Developing/Dig2_Pong_Joostens_Tomek/Dig2_Pong_Joostens_Tomek.srcs/sources_1/new/seg7.vhd:1]
[Mon Aug 06 12:57:09 2018] Launched synth_1...
Run output will be captured here: D:/Programs/Developing/Dig2_Pong_Joostens_Tomek/Dig2_Pong_Joostens_Tomek.runs/synth_1/runme.log
launch_runs impl_1 -jobs 4
[Mon Aug 06 12:57:46 2018] Launched impl_1...
Run output will be captured here: D:/Programs/Developing/Dig2_Pong_Joostens_Tomek/Dig2_Pong_Joostens_Tomek.runs/impl_1/runme.log
launch_runs impl_1 -to_step write_bitstream -jobs 4
[Mon Aug 06 12:58:52 2018] Launched impl_1...
Run output will be captured here: D:/Programs/Developing/Dig2_Pong_Joostens_Tomek/Dig2_Pong_Joostens_Tomek.runs/impl_1/runme.log
reset_run impl_1 -prev_step 
launch_runs impl_1 -to_step write_bitstream -jobs 4
[Mon Aug 06 12:59:34 2018] Launched impl_1...
Run output will be captured here: D:/Programs/Developing/Dig2_Pong_Joostens_Tomek/Dig2_Pong_Joostens_Tomek.runs/impl_1/runme.log
open_hw
connect_hw_server
INFO: [Labtools 27-2285] Connecting to hw_server url TCP:localhost:3121
INFO: [Labtools 27-2222] Launching hw_server...
INFO: [Labtools 27-2221] Launch Output:

****** Xilinx hw_server v2016.4
  **** Build date : Jan 23 2017-19:37:29
    ** Copyright 1986-2016 Xilinx, Inc. All Rights Reserved.


open_hw_target
INFO: [Labtoolstcl 44-466] Opening hw_target localhost:3121/xilinx_tcf/Digilent/210183739365A
set_property PROGRAM.FILE {D:/Programs/Developing/Dig2_Pong_Joostens_Tomek/Dig2_Pong_Joostens_Tomek.runs/impl_1/top_module.bit} [lindex [get_hw_devices xc7a35t_0] 0]
current_hw_device [lindex [get_hw_devices xc7a35t_0] 0]
refresh_hw_device -update_hw_probes false [lindex [get_hw_devices xc7a35t_0] 0]
INFO: [Labtools 27-1434] Device xc7a35t (JTAG device index = 0) is programmed with a design that has no supported debug core(s) in it.
WARNING: [Labtools 27-3123] The debug hub core was not detected at User Scan Chain 1 or 3.
Resolution: 
1. Make sure the clock connected to the debug hub (dbg_hub) core is a free running clock and is active OR
2. Manually launch hw_server with -e "set xsdb-user-bscan <C_USER_SCAN_CHAIN scan_chain_number>" to detect the debug hub at User Scan Chain of 2 or 4. To determine the user scan chain setting, open the implemented design and use: get_property C_USER_SCAN_CHAIN [get_debug_cores dbg_hub].
set_property PROBES.FILE {} [lindex [get_hw_devices xc7a35t_0] 0]
set_property PROGRAM.FILE {D:/Programs/Developing/Dig2_Pong_Joostens_Tomek/Dig2_Pong_Joostens_Tomek.runs/impl_1/top_module.bit} [lindex [get_hw_devices xc7a35t_0] 0]
program_hw_devices [lindex [get_hw_devices xc7a35t_0] 0]
INFO: [Labtools 27-3164] End of startup status: HIGH
refresh_hw_device [lindex [get_hw_devices xc7a35t_0] 0]
INFO: [Labtools 27-1434] Device xc7a35t (JTAG device index = 0) is programmed with a design that has no supported debug core(s) in it.
WARNING: [Labtools 27-3123] The debug hub core was not detected at User Scan Chain 1 or 3.
Resolution: 
1. Make sure the clock connected to the debug hub (dbg_hub) core is a free running clock and is active OR
2. Manually launch hw_server with -e "set xsdb-user-bscan <C_USER_SCAN_CHAIN scan_chain_number>" to detect the debug hub at User Scan Chain of 2 or 4. To determine the user scan chain setting, open the implemented design and use: get_property C_USER_SCAN_CHAIN [get_debug_cores dbg_hub].
WARNING: [Labtoolstcl 44-130] No matching hw_ilas were found.
WARNING: [Labtoolstcl 44-130] No matching hw_ilas were found.
WARNING: [Labtoolstcl 44-130] No matching hw_ilas were found.
WARNING: [Labtoolstcl 44-130] No matching hw_ilas were found.
ERROR: [Labtools 27-2269] No devices detected on target localhost:3121/xilinx_tcf/Digilent/210183739365A.
Check cable connectivity and that the target board is powered up then
use the disconnect_hw_server and connect_hw_server to re-register this hardware target.
reset_run synth_1
launch_runs synth_1 -jobs 4
INFO: [HDL 9-1061] Parsing VHDL file "D:/Programs/Developing/Dig2_Pong_Joostens_Tomek/Dig2_Pong_Joostens_Tomek.srcs/sources_1/new/top_module.vhd" into library xil_defaultlib [D:/Programs/Developing/Dig2_Pong_Joostens_Tomek/Dig2_Pong_Joostens_Tomek.srcs/sources_1/new/top_module.vhd:1]
[Mon Aug 06 14:50:42 2018] Launched synth_1...
Run output will be captured here: D:/Programs/Developing/Dig2_Pong_Joostens_Tomek/Dig2_Pong_Joostens_Tomek.runs/synth_1/runme.log
launch_runs impl_1 -jobs 4
[Mon Aug 06 14:51:19 2018] Launched impl_1...
Run output will be captured here: D:/Programs/Developing/Dig2_Pong_Joostens_Tomek/Dig2_Pong_Joostens_Tomek.runs/impl_1/runme.log
launch_runs impl_1 -to_step write_bitstream -jobs 4
[Mon Aug 06 14:52:04 2018] Launched impl_1...
Run output will be captured here: D:/Programs/Developing/Dig2_Pong_Joostens_Tomek/Dig2_Pong_Joostens_Tomek.runs/impl_1/runme.log
ERROR: [Labtoolstcl 44-513] HW Target shutdown. Closing target: localhost:3121/xilinx_tcf/Digilent/210183739365A
disconnect_hw_server localhost:3121
connect_hw_server
INFO: [Labtools 27-2285] Connecting to hw_server url TCP:localhost:3121
open_hw_target
INFO: [Labtoolstcl 44-466] Opening hw_target localhost:3121/xilinx_tcf/Digilent/210183739365A
set_property PROGRAM.FILE {D:/Programs/Developing/Dig2_Pong_Joostens_Tomek/Dig2_Pong_Joostens_Tomek.runs/impl_1/top_module.bit} [lindex [get_hw_devices xc7a35t_0] 0]
current_hw_device [lindex [get_hw_devices xc7a35t_0] 0]
refresh_hw_device -update_hw_probes false [lindex [get_hw_devices xc7a35t_0] 0]
INFO: [Labtools 27-1434] Device xc7a35t (JTAG device index = 0) is programmed with a design that has no supported debug core(s) in it.
WARNING: [Labtools 27-3123] The debug hub core was not detected at User Scan Chain 1 or 3.
Resolution: 
1. Make sure the clock connected to the debug hub (dbg_hub) core is a free running clock and is active OR
2. Manually launch hw_server with -e "set xsdb-user-bscan <C_USER_SCAN_CHAIN scan_chain_number>" to detect the debug hub at User Scan Chain of 2 or 4. To determine the user scan chain setting, open the implemented design and use: get_property C_USER_SCAN_CHAIN [get_debug_cores dbg_hub].
set_property PROBES.FILE {} [lindex [get_hw_devices xc7a35t_0] 0]
set_property PROGRAM.FILE {D:/Programs/Developing/Dig2_Pong_Joostens_Tomek/Dig2_Pong_Joostens_Tomek.runs/impl_1/top_module.bit} [lindex [get_hw_devices xc7a35t_0] 0]
program_hw_devices [lindex [get_hw_devices xc7a35t_0] 0]
INFO: [Labtools 27-3164] End of startup status: HIGH
refresh_hw_device [lindex [get_hw_devices xc7a35t_0] 0]
INFO: [Labtools 27-1434] Device xc7a35t (JTAG device index = 0) is programmed with a design that has no supported debug core(s) in it.
WARNING: [Labtools 27-3123] The debug hub core was not detected at User Scan Chain 1 or 3.
Resolution: 
1. Make sure the clock connected to the debug hub (dbg_hub) core is a free running clock and is active OR
2. Manually launch hw_server with -e "set xsdb-user-bscan <C_USER_SCAN_CHAIN scan_chain_number>" to detect the debug hub at User Scan Chain of 2 or 4. To determine the user scan chain setting, open the implemented design and use: get_property C_USER_SCAN_CHAIN [get_debug_cores dbg_hub].
WARNING: [Labtoolstcl 44-130] No matching hw_ilas were found.
WARNING: [Labtoolstcl 44-130] No matching hw_ilas were found.
WARNING: [Labtoolstcl 44-130] No matching hw_ilas were found.
WARNING: [Labtoolstcl 44-130] No matching hw_ilas were found.
reset_run synth_1
launch_runs synth_1 -jobs 4
INFO: [HDL 9-1061] Parsing VHDL file "D:/Programs/Developing/Dig2_Pong_Joostens_Tomek/Dig2_Pong_Joostens_Tomek.srcs/sources_1/new/top_module.vhd" into library xil_defaultlib [D:/Programs/Developing/Dig2_Pong_Joostens_Tomek/Dig2_Pong_Joostens_Tomek.srcs/sources_1/new/top_module.vhd:1]
[Mon Aug 06 14:54:42 2018] Launched synth_1...
Run output will be captured here: D:/Programs/Developing/Dig2_Pong_Joostens_Tomek/Dig2_Pong_Joostens_Tomek.runs/synth_1/runme.log
launch_runs impl_1 -jobs 4
[Mon Aug 06 14:55:09 2018] Launched impl_1...
Run output will be captured here: D:/Programs/Developing/Dig2_Pong_Joostens_Tomek/Dig2_Pong_Joostens_Tomek.runs/impl_1/runme.log
launch_runs impl_1 -to_step write_bitstream -jobs 4
[Mon Aug 06 14:55:51 2018] Launched impl_1...
Run output will be captured here: D:/Programs/Developing/Dig2_Pong_Joostens_Tomek/Dig2_Pong_Joostens_Tomek.runs/impl_1/runme.log
set_property PROBES.FILE {} [lindex [get_hw_devices xc7a35t_0] 0]
set_property PROGRAM.FILE {D:/Programs/Developing/Dig2_Pong_Joostens_Tomek/Dig2_Pong_Joostens_Tomek.runs/impl_1/top_module.bit} [lindex [get_hw_devices xc7a35t_0] 0]
program_hw_devices [lindex [get_hw_devices xc7a35t_0] 0]
INFO: [Labtools 27-3164] End of startup status: HIGH
refresh_hw_device [lindex [get_hw_devices xc7a35t_0] 0]
INFO: [Labtools 27-1434] Device xc7a35t (JTAG device index = 0) is programmed with a design that has no supported debug core(s) in it.
WARNING: [Labtools 27-3123] The debug hub core was not detected at User Scan Chain 1 or 3.
Resolution: 
1. Make sure the clock connected to the debug hub (dbg_hub) core is a free running clock and is active OR
2. Manually launch hw_server with -e "set xsdb-user-bscan <C_USER_SCAN_CHAIN scan_chain_number>" to detect the debug hub at User Scan Chain of 2 or 4. To determine the user scan chain setting, open the implemented design and use: get_property C_USER_SCAN_CHAIN [get_debug_cores dbg_hub].
WARNING: [Labtoolstcl 44-130] No matching hw_ilas were found.
WARNING: [Labtoolstcl 44-130] No matching hw_ilas were found.
WARNING: [Labtoolstcl 44-130] No matching hw_ilas were found.
WARNING: [Labtoolstcl 44-130] No matching hw_ilas were found.
reset_run synth_1
launch_runs synth_1 -jobs 4
INFO: [HDL 9-1061] Parsing VHDL file "D:/Programs/Developing/Dig2_Pong_Joostens_Tomek/Dig2_Pong_Joostens_Tomek.srcs/sources_1/new/top_module.vhd" into library xil_defaultlib [D:/Programs/Developing/Dig2_Pong_Joostens_Tomek/Dig2_Pong_Joostens_Tomek.srcs/sources_1/new/top_module.vhd:1]
[Mon Aug 06 15:04:34 2018] Launched synth_1...
Run output will be captured here: D:/Programs/Developing/Dig2_Pong_Joostens_Tomek/Dig2_Pong_Joostens_Tomek.runs/synth_1/runme.log
launch_runs impl_1 -jobs 4
[Mon Aug 06 15:05:02 2018] Launched impl_1...
Run output will be captured here: D:/Programs/Developing/Dig2_Pong_Joostens_Tomek/Dig2_Pong_Joostens_Tomek.runs/impl_1/runme.log
launch_runs impl_1 -to_step write_bitstream -jobs 4
[Mon Aug 06 15:05:46 2018] Launched impl_1...
Run output will be captured here: D:/Programs/Developing/Dig2_Pong_Joostens_Tomek/Dig2_Pong_Joostens_Tomek.runs/impl_1/runme.log
set_property PROBES.FILE {} [lindex [get_hw_devices xc7a35t_0] 0]
set_property PROGRAM.FILE {D:/Programs/Developing/Dig2_Pong_Joostens_Tomek/Dig2_Pong_Joostens_Tomek.runs/impl_1/top_module.bit} [lindex [get_hw_devices xc7a35t_0] 0]
program_hw_devices [lindex [get_hw_devices xc7a35t_0] 0]
INFO: [Labtools 27-3164] End of startup status: HIGH
refresh_hw_device [lindex [get_hw_devices xc7a35t_0] 0]
INFO: [Labtools 27-1434] Device xc7a35t (JTAG device index = 0) is programmed with a design that has no supported debug core(s) in it.
WARNING: [Labtools 27-3123] The debug hub core was not detected at User Scan Chain 1 or 3.
Resolution: 
1. Make sure the clock connected to the debug hub (dbg_hub) core is a free running clock and is active OR
2. Manually launch hw_server with -e "set xsdb-user-bscan <C_USER_SCAN_CHAIN scan_chain_number>" to detect the debug hub at User Scan Chain of 2 or 4. To determine the user scan chain setting, open the implemented design and use: get_property C_USER_SCAN_CHAIN [get_debug_cores dbg_hub].
WARNING: [Labtoolstcl 44-130] No matching hw_ilas were found.
WARNING: [Labtoolstcl 44-130] No matching hw_ilas were found.
WARNING: [Labtoolstcl 44-130] No matching hw_ilas were found.
WARNING: [Labtoolstcl 44-130] No matching hw_ilas were found.
set_property PROBES.FILE {} [lindex [get_hw_devices xc7a35t_0] 0]
set_property PROGRAM.FILE {D:/Programs/Developing/Dig2_Pong_Joostens_Tomek/Dig2_Pong_Joostens_Tomek.runs/impl_1/top_module.bit} [lindex [get_hw_devices xc7a35t_0] 0]
program_hw_devices [lindex [get_hw_devices xc7a35t_0] 0]
INFO: [Labtools 27-3164] End of startup status: HIGH
refresh_hw_device [lindex [get_hw_devices xc7a35t_0] 0]
INFO: [Labtools 27-1434] Device xc7a35t (JTAG device index = 0) is programmed with a design that has no supported debug core(s) in it.
WARNING: [Labtools 27-3123] The debug hub core was not detected at User Scan Chain 1 or 3.
Resolution: 
1. Make sure the clock connected to the debug hub (dbg_hub) core is a free running clock and is active OR
2. Manually launch hw_server with -e "set xsdb-user-bscan <C_USER_SCAN_CHAIN scan_chain_number>" to detect the debug hub at User Scan Chain of 2 or 4. To determine the user scan chain setting, open the implemented design and use: get_property C_USER_SCAN_CHAIN [get_debug_cores dbg_hub].
WARNING: [Labtoolstcl 44-130] No matching hw_ilas were found.
WARNING: [Labtoolstcl 44-130] No matching hw_ilas were found.
WARNING: [Labtoolstcl 44-130] No matching hw_ilas were found.
WARNING: [Labtoolstcl 44-130] No matching hw_ilas were found.
reset_run synth_1
launch_runs synth_1 -jobs 4
INFO: [HDL 9-1061] Parsing VHDL file "D:/Programs/Developing/Dig2_Pong_Joostens_Tomek/Dig2_Pong_Joostens_Tomek.srcs/sources_1/new/top_module.vhd" into library xil_defaultlib [D:/Programs/Developing/Dig2_Pong_Joostens_Tomek/Dig2_Pong_Joostens_Tomek.srcs/sources_1/new/top_module.vhd:1]
[Mon Aug 06 15:06:43 2018] Launched synth_1...
Run output will be captured here: D:/Programs/Developing/Dig2_Pong_Joostens_Tomek/Dig2_Pong_Joostens_Tomek.runs/synth_1/runme.log
launch_runs impl_1 -jobs 4
[Mon Aug 06 15:07:07 2018] Launched impl_1...
Run output will be captured here: D:/Programs/Developing/Dig2_Pong_Joostens_Tomek/Dig2_Pong_Joostens_Tomek.runs/impl_1/runme.log
launch_runs impl_1 -to_step write_bitstream -jobs 4
[Mon Aug 06 15:07:56 2018] Launched impl_1...
Run output will be captured here: D:/Programs/Developing/Dig2_Pong_Joostens_Tomek/Dig2_Pong_Joostens_Tomek.runs/impl_1/runme.log
set_property PROBES.FILE {} [lindex [get_hw_devices xc7a35t_0] 0]
set_property PROGRAM.FILE {D:/Programs/Developing/Dig2_Pong_Joostens_Tomek/Dig2_Pong_Joostens_Tomek.runs/impl_1/top_module.bit} [lindex [get_hw_devices xc7a35t_0] 0]
program_hw_devices [lindex [get_hw_devices xc7a35t_0] 0]
INFO: [Labtools 27-3164] End of startup status: HIGH
refresh_hw_device [lindex [get_hw_devices xc7a35t_0] 0]
INFO: [Labtools 27-1434] Device xc7a35t (JTAG device index = 0) is programmed with a design that has no supported debug core(s) in it.
WARNING: [Labtools 27-3123] The debug hub core was not detected at User Scan Chain 1 or 3.
Resolution: 
1. Make sure the clock connected to the debug hub (dbg_hub) core is a free running clock and is active OR
2. Manually launch hw_server with -e "set xsdb-user-bscan <C_USER_SCAN_CHAIN scan_chain_number>" to detect the debug hub at User Scan Chain of 2 or 4. To determine the user scan chain setting, open the implemented design and use: get_property C_USER_SCAN_CHAIN [get_debug_cores dbg_hub].
WARNING: [Labtoolstcl 44-130] No matching hw_ilas were found.
WARNING: [Labtoolstcl 44-130] No matching hw_ilas were found.
WARNING: [Labtoolstcl 44-130] No matching hw_ilas were found.
WARNING: [Labtoolstcl 44-130] No matching hw_ilas were found.
close [ open D:/Programs/Developing/Dig2_Pong_Joostens_Tomek/Dig2_Pong_Joostens_Tomek.srcs/sources_1/new/mux21.vhd w ]
add_files D:/Programs/Developing/Dig2_Pong_Joostens_Tomek/Dig2_Pong_Joostens_Tomek.srcs/sources_1/new/mux21.vhd
reset_run synth_1
launch_runs synth_1 -jobs 4
INFO: [HDL 9-1061] Parsing VHDL file "D:/Programs/Developing/Dig2_Pong_Joostens_Tomek/Dig2_Pong_Joostens_Tomek.srcs/sources_1/new/top_module.vhd" into library xil_defaultlib [D:/Programs/Developing/Dig2_Pong_Joostens_Tomek/Dig2_Pong_Joostens_Tomek.srcs/sources_1/new/top_module.vhd:1]
[Mon Aug 06 15:51:39 2018] Launched synth_1...
Run output will be captured here: D:/Programs/Developing/Dig2_Pong_Joostens_Tomek/Dig2_Pong_Joostens_Tomek.runs/synth_1/runme.log
launch_runs impl_1 -jobs 4
[Mon Aug 06 15:52:06 2018] Launched impl_1...
Run output will be captured here: D:/Programs/Developing/Dig2_Pong_Joostens_Tomek/Dig2_Pong_Joostens_Tomek.runs/impl_1/runme.log
launch_runs impl_1 -to_step write_bitstream -jobs 4
[Mon Aug 06 15:56:17 2018] Launched impl_1...
Run output will be captured here: D:/Programs/Developing/Dig2_Pong_Joostens_Tomek/Dig2_Pong_Joostens_Tomek.runs/impl_1/runme.log
set_property PROBES.FILE {} [lindex [get_hw_devices xc7a35t_0] 0]
set_property PROGRAM.FILE {D:/Programs/Developing/Dig2_Pong_Joostens_Tomek/Dig2_Pong_Joostens_Tomek.runs/impl_1/top_module.bit} [lindex [get_hw_devices xc7a35t_0] 0]
program_hw_devices [lindex [get_hw_devices xc7a35t_0] 0]
INFO: [Labtools 27-3164] End of startup status: HIGH
refresh_hw_device [lindex [get_hw_devices xc7a35t_0] 0]
INFO: [Labtools 27-1434] Device xc7a35t (JTAG device index = 0) is programmed with a design that has no supported debug core(s) in it.
WARNING: [Labtools 27-3123] The debug hub core was not detected at User Scan Chain 1 or 3.
Resolution: 
1. Make sure the clock connected to the debug hub (dbg_hub) core is a free running clock and is active OR
2. Manually launch hw_server with -e "set xsdb-user-bscan <C_USER_SCAN_CHAIN scan_chain_number>" to detect the debug hub at User Scan Chain of 2 or 4. To determine the user scan chain setting, open the implemented design and use: get_property C_USER_SCAN_CHAIN [get_debug_cores dbg_hub].
WARNING: [Labtoolstcl 44-130] No matching hw_ilas were found.
WARNING: [Labtoolstcl 44-130] No matching hw_ilas were found.
WARNING: [Labtoolstcl 44-130] No matching hw_ilas were found.
WARNING: [Labtoolstcl 44-130] No matching hw_ilas were found.
reset_run synth_1
launch_runs synth_1 -jobs 4
INFO: [HDL 9-1061] Parsing VHDL file "D:/Programs/Developing/Dig2_Pong_Joostens_Tomek/Dig2_Pong_Joostens_Tomek.srcs/sources_1/new/mux21.vhd" into library xil_defaultlib [D:/Programs/Developing/Dig2_Pong_Joostens_Tomek/Dig2_Pong_Joostens_Tomek.srcs/sources_1/new/mux21.vhd:1]
[Mon Aug 06 16:08:18 2018] Launched synth_1...
Run output will be captured here: D:/Programs/Developing/Dig2_Pong_Joostens_Tomek/Dig2_Pong_Joostens_Tomek.runs/synth_1/runme.log
launch_runs impl_1 -jobs 4
[Mon Aug 06 16:08:41 2018] Launched impl_1...
Run output will be captured here: D:/Programs/Developing/Dig2_Pong_Joostens_Tomek/Dig2_Pong_Joostens_Tomek.runs/impl_1/runme.log
launch_runs impl_1 -to_step write_bitstream -jobs 4
[Mon Aug 06 16:09:25 2018] Launched impl_1...
Run output will be captured here: D:/Programs/Developing/Dig2_Pong_Joostens_Tomek/Dig2_Pong_Joostens_Tomek.runs/impl_1/runme.log
set_property PROBES.FILE {} [lindex [get_hw_devices xc7a35t_0] 0]
set_property PROGRAM.FILE {D:/Programs/Developing/Dig2_Pong_Joostens_Tomek/Dig2_Pong_Joostens_Tomek.runs/impl_1/top_module.bit} [lindex [get_hw_devices xc7a35t_0] 0]
program_hw_devices [lindex [get_hw_devices xc7a35t_0] 0]
INFO: [Labtools 27-3164] End of startup status: HIGH
refresh_hw_device [lindex [get_hw_devices xc7a35t_0] 0]
INFO: [Labtools 27-1434] Device xc7a35t (JTAG device index = 0) is programmed with a design that has no supported debug core(s) in it.
WARNING: [Labtools 27-3123] The debug hub core was not detected at User Scan Chain 1 or 3.
Resolution: 
1. Make sure the clock connected to the debug hub (dbg_hub) core is a free running clock and is active OR
2. Manually launch hw_server with -e "set xsdb-user-bscan <C_USER_SCAN_CHAIN scan_chain_number>" to detect the debug hub at User Scan Chain of 2 or 4. To determine the user scan chain setting, open the implemented design and use: get_property C_USER_SCAN_CHAIN [get_debug_cores dbg_hub].
WARNING: [Labtoolstcl 44-130] No matching hw_ilas were found.
WARNING: [Labtoolstcl 44-130] No matching hw_ilas were found.
WARNING: [Labtoolstcl 44-130] No matching hw_ilas were found.
WARNING: [Labtoolstcl 44-130] No matching hw_ilas were found.
reset_run synth_1
launch_runs synth_1 -jobs 4
INFO: [HDL 9-1061] Parsing VHDL file "D:/Programs/Developing/Dig2_Pong_Joostens_Tomek/Dig2_Pong_Joostens_Tomek.srcs/sources_1/new/top_module.vhd" into library xil_defaultlib [D:/Programs/Developing/Dig2_Pong_Joostens_Tomek/Dig2_Pong_Joostens_Tomek.srcs/sources_1/new/top_module.vhd:1]
[Mon Aug 06 16:10:20 2018] Launched synth_1...
Run output will be captured here: D:/Programs/Developing/Dig2_Pong_Joostens_Tomek/Dig2_Pong_Joostens_Tomek.runs/synth_1/runme.log
reset_run synth_1
launch_runs synth_1 -jobs 4
INFO: [HDL 9-1061] Parsing VHDL file "D:/Programs/Developing/Dig2_Pong_Joostens_Tomek/Dig2_Pong_Joostens_Tomek.srcs/sources_1/new/top_module.vhd" into library xil_defaultlib [D:/Programs/Developing/Dig2_Pong_Joostens_Tomek/Dig2_Pong_Joostens_Tomek.srcs/sources_1/new/top_module.vhd:1]
[Mon Aug 06 16:10:49 2018] Launched synth_1...
Run output will be captured here: D:/Programs/Developing/Dig2_Pong_Joostens_Tomek/Dig2_Pong_Joostens_Tomek.runs/synth_1/runme.log
reset_run synth_1
launch_runs synth_1 -jobs 4
INFO: [HDL 9-1061] Parsing VHDL file "D:/Programs/Developing/Dig2_Pong_Joostens_Tomek/Dig2_Pong_Joostens_Tomek.srcs/sources_1/new/top_module.vhd" into library xil_defaultlib [D:/Programs/Developing/Dig2_Pong_Joostens_Tomek/Dig2_Pong_Joostens_Tomek.srcs/sources_1/new/top_module.vhd:1]
[Mon Aug 06 16:23:44 2018] Launched synth_1...
Run output will be captured here: D:/Programs/Developing/Dig2_Pong_Joostens_Tomek/Dig2_Pong_Joostens_Tomek.runs/synth_1/runme.log
reset_run synth_1
launch_runs synth_1 -jobs 4
INFO: [HDL 9-1061] Parsing VHDL file "D:/Programs/Developing/Dig2_Pong_Joostens_Tomek/Dig2_Pong_Joostens_Tomek.srcs/sources_1/new/top_module.vhd" into library xil_defaultlib [D:/Programs/Developing/Dig2_Pong_Joostens_Tomek/Dig2_Pong_Joostens_Tomek.srcs/sources_1/new/top_module.vhd:1]
[Mon Aug 06 16:24:00 2018] Launched synth_1...
Run output will be captured here: D:/Programs/Developing/Dig2_Pong_Joostens_Tomek/Dig2_Pong_Joostens_Tomek.runs/synth_1/runme.log
launch_runs impl_1 -jobs 4
[Mon Aug 06 16:24:26 2018] Launched impl_1...
Run output will be captured here: D:/Programs/Developing/Dig2_Pong_Joostens_Tomek/Dig2_Pong_Joostens_Tomek.runs/impl_1/runme.log
launch_runs impl_1 -to_step write_bitstream -jobs 4
[Mon Aug 06 16:25:16 2018] Launched impl_1...
Run output will be captured here: D:/Programs/Developing/Dig2_Pong_Joostens_Tomek/Dig2_Pong_Joostens_Tomek.runs/impl_1/runme.log
set_property PROBES.FILE {} [lindex [get_hw_devices xc7a35t_0] 0]
set_property PROGRAM.FILE {D:/Programs/Developing/Dig2_Pong_Joostens_Tomek/Dig2_Pong_Joostens_Tomek.runs/impl_1/top_module.bit} [lindex [get_hw_devices xc7a35t_0] 0]
program_hw_devices [lindex [get_hw_devices xc7a35t_0] 0]
INFO: [Labtools 27-3164] End of startup status: HIGH
refresh_hw_device [lindex [get_hw_devices xc7a35t_0] 0]
INFO: [Labtools 27-1434] Device xc7a35t (JTAG device index = 0) is programmed with a design that has no supported debug core(s) in it.
WARNING: [Labtools 27-3123] The debug hub core was not detected at User Scan Chain 1 or 3.
Resolution: 
1. Make sure the clock connected to the debug hub (dbg_hub) core is a free running clock and is active OR
2. Manually launch hw_server with -e "set xsdb-user-bscan <C_USER_SCAN_CHAIN scan_chain_number>" to detect the debug hub at User Scan Chain of 2 or 4. To determine the user scan chain setting, open the implemented design and use: get_property C_USER_SCAN_CHAIN [get_debug_cores dbg_hub].
WARNING: [Labtoolstcl 44-130] No matching hw_ilas were found.
WARNING: [Labtoolstcl 44-130] No matching hw_ilas were found.
WARNING: [Labtoolstcl 44-130] No matching hw_ilas were found.
WARNING: [Labtoolstcl 44-130] No matching hw_ilas were found.
reset_run synth_1
launch_runs synth_1 -jobs 4
INFO: [HDL 9-1061] Parsing VHDL file "D:/Programs/Developing/Dig2_Pong_Joostens_Tomek/Dig2_Pong_Joostens_Tomek.srcs/sources_1/new/top_module.vhd" into library xil_defaultlib [D:/Programs/Developing/Dig2_Pong_Joostens_Tomek/Dig2_Pong_Joostens_Tomek.srcs/sources_1/new/top_module.vhd:1]
[Mon Aug 06 16:27:02 2018] Launched synth_1...
Run output will be captured here: D:/Programs/Developing/Dig2_Pong_Joostens_Tomek/Dig2_Pong_Joostens_Tomek.runs/synth_1/runme.log
launch_runs impl_1 -jobs 4
[Mon Aug 06 16:27:29 2018] Launched impl_1...
Run output will be captured here: D:/Programs/Developing/Dig2_Pong_Joostens_Tomek/Dig2_Pong_Joostens_Tomek.runs/impl_1/runme.log
launch_runs impl_1 -to_step write_bitstream -jobs 4
[Mon Aug 06 16:28:19 2018] Launched impl_1...
Run output will be captured here: D:/Programs/Developing/Dig2_Pong_Joostens_Tomek/Dig2_Pong_Joostens_Tomek.runs/impl_1/runme.log
set_property PROBES.FILE {} [lindex [get_hw_devices xc7a35t_0] 0]
set_property PROGRAM.FILE {D:/Programs/Developing/Dig2_Pong_Joostens_Tomek/Dig2_Pong_Joostens_Tomek.runs/impl_1/top_module.bit} [lindex [get_hw_devices xc7a35t_0] 0]
program_hw_devices [lindex [get_hw_devices xc7a35t_0] 0]
INFO: [Labtools 27-3164] End of startup status: HIGH
refresh_hw_device [lindex [get_hw_devices xc7a35t_0] 0]
INFO: [Labtools 27-1434] Device xc7a35t (JTAG device index = 0) is programmed with a design that has no supported debug core(s) in it.
WARNING: [Labtools 27-3123] The debug hub core was not detected at User Scan Chain 1 or 3.
Resolution: 
1. Make sure the clock connected to the debug hub (dbg_hub) core is a free running clock and is active OR
2. Manually launch hw_server with -e "set xsdb-user-bscan <C_USER_SCAN_CHAIN scan_chain_number>" to detect the debug hub at User Scan Chain of 2 or 4. To determine the user scan chain setting, open the implemented design and use: get_property C_USER_SCAN_CHAIN [get_debug_cores dbg_hub].
WARNING: [Labtoolstcl 44-130] No matching hw_ilas were found.
WARNING: [Labtoolstcl 44-130] No matching hw_ilas were found.
WARNING: [Labtoolstcl 44-130] No matching hw_ilas were found.
WARNING: [Labtoolstcl 44-130] No matching hw_ilas were found.
reset_run synth_1
launch_runs synth_1 -jobs 4
INFO: [HDL 9-1061] Parsing VHDL file "D:/Programs/Developing/Dig2_Pong_Joostens_Tomek/Dig2_Pong_Joostens_Tomek.srcs/sources_1/new/top_module.vhd" into library xil_defaultlib [D:/Programs/Developing/Dig2_Pong_Joostens_Tomek/Dig2_Pong_Joostens_Tomek.srcs/sources_1/new/top_module.vhd:1]
[Mon Aug 06 16:33:20 2018] Launched synth_1...
Run output will be captured here: D:/Programs/Developing/Dig2_Pong_Joostens_Tomek/Dig2_Pong_Joostens_Tomek.runs/synth_1/runme.log
launch_runs impl_1 -jobs 4
[Mon Aug 06 16:33:46 2018] Launched impl_1...
Run output will be captured here: D:/Programs/Developing/Dig2_Pong_Joostens_Tomek/Dig2_Pong_Joostens_Tomek.runs/impl_1/runme.log
launch_runs impl_1 -to_step write_bitstream -jobs 4
[Mon Aug 06 16:34:30 2018] Launched impl_1...
Run output will be captured here: D:/Programs/Developing/Dig2_Pong_Joostens_Tomek/Dig2_Pong_Joostens_Tomek.runs/impl_1/runme.log
set_property PROBES.FILE {} [lindex [get_hw_devices xc7a35t_0] 0]
set_property PROGRAM.FILE {D:/Programs/Developing/Dig2_Pong_Joostens_Tomek/Dig2_Pong_Joostens_Tomek.runs/impl_1/top_module.bit} [lindex [get_hw_devices xc7a35t_0] 0]
program_hw_devices [lindex [get_hw_devices xc7a35t_0] 0]
INFO: [Labtools 27-3164] End of startup status: HIGH
refresh_hw_device [lindex [get_hw_devices xc7a35t_0] 0]
INFO: [Labtools 27-1434] Device xc7a35t (JTAG device index = 0) is programmed with a design that has no supported debug core(s) in it.
WARNING: [Labtools 27-3123] The debug hub core was not detected at User Scan Chain 1 or 3.
Resolution: 
1. Make sure the clock connected to the debug hub (dbg_hub) core is a free running clock and is active OR
2. Manually launch hw_server with -e "set xsdb-user-bscan <C_USER_SCAN_CHAIN scan_chain_number>" to detect the debug hub at User Scan Chain of 2 or 4. To determine the user scan chain setting, open the implemented design and use: get_property C_USER_SCAN_CHAIN [get_debug_cores dbg_hub].
WARNING: [Labtoolstcl 44-130] No matching hw_ilas were found.
WARNING: [Labtoolstcl 44-130] No matching hw_ilas were found.
WARNING: [Labtoolstcl 44-130] No matching hw_ilas were found.
WARNING: [Labtoolstcl 44-130] No matching hw_ilas were found.
set_property PROBES.FILE {} [lindex [get_hw_devices xc7a35t_0] 0]
set_property PROGRAM.FILE {D:/Programs/Developing/Dig2_Pong_Joostens_Tomek/Dig2_Pong_Joostens_Tomek.runs/impl_1/top_module.bit} [lindex [get_hw_devices xc7a35t_0] 0]
program_hw_devices [lindex [get_hw_devices xc7a35t_0] 0]
INFO: [Labtools 27-3164] End of startup status: HIGH
refresh_hw_device [lindex [get_hw_devices xc7a35t_0] 0]
INFO: [Labtools 27-1434] Device xc7a35t (JTAG device index = 0) is programmed with a design that has no supported debug core(s) in it.
WARNING: [Labtools 27-3123] The debug hub core was not detected at User Scan Chain 1 or 3.
Resolution: 
1. Make sure the clock connected to the debug hub (dbg_hub) core is a free running clock and is active OR
2. Manually launch hw_server with -e "set xsdb-user-bscan <C_USER_SCAN_CHAIN scan_chain_number>" to detect the debug hub at User Scan Chain of 2 or 4. To determine the user scan chain setting, open the implemented design and use: get_property C_USER_SCAN_CHAIN [get_debug_cores dbg_hub].
WARNING: [Labtoolstcl 44-130] No matching hw_ilas were found.
WARNING: [Labtoolstcl 44-130] No matching hw_ilas were found.
WARNING: [Labtoolstcl 44-130] No matching hw_ilas were found.
WARNING: [Labtoolstcl 44-130] No matching hw_ilas were found.
set_property PROBES.FILE {} [lindex [get_hw_devices xc7a35t_0] 0]
set_property PROGRAM.FILE {D:/Programs/Developing/Dig2_Pong_Joostens_Tomek/Dig2_Pong_Joostens_Tomek.runs/impl_1/top_module.bit} [lindex [get_hw_devices xc7a35t_0] 0]
program_hw_devices [lindex [get_hw_devices xc7a35t_0] 0]
INFO: [Labtools 27-3164] End of startup status: HIGH
refresh_hw_device [lindex [get_hw_devices xc7a35t_0] 0]
INFO: [Labtools 27-1434] Device xc7a35t (JTAG device index = 0) is programmed with a design that has no supported debug core(s) in it.
WARNING: [Labtools 27-3123] The debug hub core was not detected at User Scan Chain 1 or 3.
Resolution: 
1. Make sure the clock connected to the debug hub (dbg_hub) core is a free running clock and is active OR
2. Manually launch hw_server with -e "set xsdb-user-bscan <C_USER_SCAN_CHAIN scan_chain_number>" to detect the debug hub at User Scan Chain of 2 or 4. To determine the user scan chain setting, open the implemented design and use: get_property C_USER_SCAN_CHAIN [get_debug_cores dbg_hub].
WARNING: [Labtoolstcl 44-130] No matching hw_ilas were found.
WARNING: [Labtoolstcl 44-130] No matching hw_ilas were found.
WARNING: [Labtoolstcl 44-130] No matching hw_ilas were found.
WARNING: [Labtoolstcl 44-130] No matching hw_ilas were found.
reset_run synth_1
launch_runs synth_1 -jobs 4
INFO: [HDL 9-1061] Parsing VHDL file "D:/Programs/Developing/Dig2_Pong_Joostens_Tomek/Dig2_Pong_Joostens_Tomek.srcs/sources_1/new/top_module.vhd" into library xil_defaultlib [D:/Programs/Developing/Dig2_Pong_Joostens_Tomek/Dig2_Pong_Joostens_Tomek.srcs/sources_1/new/top_module.vhd:1]
[Mon Aug 06 16:35:57 2018] Launched synth_1...
Run output will be captured here: D:/Programs/Developing/Dig2_Pong_Joostens_Tomek/Dig2_Pong_Joostens_Tomek.runs/synth_1/runme.log
launch_runs impl_1 -jobs 4
[Mon Aug 06 16:36:23 2018] Launched impl_1...
Run output will be captured here: D:/Programs/Developing/Dig2_Pong_Joostens_Tomek/Dig2_Pong_Joostens_Tomek.runs/impl_1/runme.log
launch_runs impl_1 -to_step write_bitstream -jobs 4
[Mon Aug 06 16:37:14 2018] Launched impl_1...
Run output will be captured here: D:/Programs/Developing/Dig2_Pong_Joostens_Tomek/Dig2_Pong_Joostens_Tomek.runs/impl_1/runme.log
set_property PROBES.FILE {} [lindex [get_hw_devices xc7a35t_0] 0]
set_property PROGRAM.FILE {D:/Programs/Developing/Dig2_Pong_Joostens_Tomek/Dig2_Pong_Joostens_Tomek.runs/impl_1/top_module.bit} [lindex [get_hw_devices xc7a35t_0] 0]
program_hw_devices [lindex [get_hw_devices xc7a35t_0] 0]
INFO: [Labtools 27-3164] End of startup status: HIGH
refresh_hw_device [lindex [get_hw_devices xc7a35t_0] 0]
INFO: [Labtools 27-1434] Device xc7a35t (JTAG device index = 0) is programmed with a design that has no supported debug core(s) in it.
WARNING: [Labtools 27-3123] The debug hub core was not detected at User Scan Chain 1 or 3.
Resolution: 
1. Make sure the clock connected to the debug hub (dbg_hub) core is a free running clock and is active OR
2. Manually launch hw_server with -e "set xsdb-user-bscan <C_USER_SCAN_CHAIN scan_chain_number>" to detect the debug hub at User Scan Chain of 2 or 4. To determine the user scan chain setting, open the implemented design and use: get_property C_USER_SCAN_CHAIN [get_debug_cores dbg_hub].
WARNING: [Labtoolstcl 44-130] No matching hw_ilas were found.
WARNING: [Labtoolstcl 44-130] No matching hw_ilas were found.
WARNING: [Labtoolstcl 44-130] No matching hw_ilas were found.
WARNING: [Labtoolstcl 44-130] No matching hw_ilas were found.
reset_run synth_1
launch_runs synth_1 -jobs 4
INFO: [HDL 9-1061] Parsing VHDL file "D:/Programs/Developing/Dig2_Pong_Joostens_Tomek/Dig2_Pong_Joostens_Tomek.srcs/sources_1/new/top_module.vhd" into library xil_defaultlib [D:/Programs/Developing/Dig2_Pong_Joostens_Tomek/Dig2_Pong_Joostens_Tomek.srcs/sources_1/new/top_module.vhd:1]
[Mon Aug 06 16:38:52 2018] Launched synth_1...
Run output will be captured here: D:/Programs/Developing/Dig2_Pong_Joostens_Tomek/Dig2_Pong_Joostens_Tomek.runs/synth_1/runme.log
launch_runs impl_1 -jobs 4
[Mon Aug 06 16:39:28 2018] Launched impl_1...
Run output will be captured here: D:/Programs/Developing/Dig2_Pong_Joostens_Tomek/Dig2_Pong_Joostens_Tomek.runs/impl_1/runme.log
reset_run synth_1
launch_runs synth_1 -jobs 4
INFO: [HDL 9-1061] Parsing VHDL file "D:/Programs/Developing/Dig2_Pong_Joostens_Tomek/Dig2_Pong_Joostens_Tomek.srcs/sources_1/new/top_module.vhd" into library xil_defaultlib [D:/Programs/Developing/Dig2_Pong_Joostens_Tomek/Dig2_Pong_Joostens_Tomek.srcs/sources_1/new/top_module.vhd:1]
[Mon Aug 06 16:55:00 2018] Launched synth_1...
Run output will be captured here: D:/Programs/Developing/Dig2_Pong_Joostens_Tomek/Dig2_Pong_Joostens_Tomek.runs/synth_1/runme.log
launch_runs impl_1 -jobs 4
[Mon Aug 06 16:55:38 2018] Launched impl_1...
Run output will be captured here: D:/Programs/Developing/Dig2_Pong_Joostens_Tomek/Dig2_Pong_Joostens_Tomek.runs/impl_1/runme.log
reset_run synth_1
launch_runs synth_1 -jobs 4
INFO: [HDL 9-1061] Parsing VHDL file "D:/Programs/Developing/Dig2_Pong_Joostens_Tomek/Dig2_Pong_Joostens_Tomek.srcs/sources_1/new/top_module.vhd" into library xil_defaultlib [D:/Programs/Developing/Dig2_Pong_Joostens_Tomek/Dig2_Pong_Joostens_Tomek.srcs/sources_1/new/top_module.vhd:1]
[Mon Aug 06 17:08:13 2018] Launched synth_1...
Run output will be captured here: D:/Programs/Developing/Dig2_Pong_Joostens_Tomek/Dig2_Pong_Joostens_Tomek.runs/synth_1/runme.log
launch_runs impl_1 -jobs 4
[Mon Aug 06 17:08:38 2018] Launched impl_1...
Run output will be captured here: D:/Programs/Developing/Dig2_Pong_Joostens_Tomek/Dig2_Pong_Joostens_Tomek.runs/impl_1/runme.log
launch_runs impl_1 -to_step write_bitstream -jobs 4
[Mon Aug 06 17:09:20 2018] Launched impl_1...
Run output will be captured here: D:/Programs/Developing/Dig2_Pong_Joostens_Tomek/Dig2_Pong_Joostens_Tomek.runs/impl_1/runme.log
set_property PROBES.FILE {} [lindex [get_hw_devices xc7a35t_0] 0]
set_property PROGRAM.FILE {D:/Programs/Developing/Dig2_Pong_Joostens_Tomek/Dig2_Pong_Joostens_Tomek.runs/impl_1/top_module.bit} [lindex [get_hw_devices xc7a35t_0] 0]
program_hw_devices [lindex [get_hw_devices xc7a35t_0] 0]
INFO: [Labtools 27-3164] End of startup status: HIGH
refresh_hw_device [lindex [get_hw_devices xc7a35t_0] 0]
INFO: [Labtools 27-1434] Device xc7a35t (JTAG device index = 0) is programmed with a design that has no supported debug core(s) in it.
WARNING: [Labtools 27-3123] The debug hub core was not detected at User Scan Chain 1 or 3.
Resolution: 
1. Make sure the clock connected to the debug hub (dbg_hub) core is a free running clock and is active OR
2. Manually launch hw_server with -e "set xsdb-user-bscan <C_USER_SCAN_CHAIN scan_chain_number>" to detect the debug hub at User Scan Chain of 2 or 4. To determine the user scan chain setting, open the implemented design and use: get_property C_USER_SCAN_CHAIN [get_debug_cores dbg_hub].
WARNING: [Labtoolstcl 44-130] No matching hw_ilas were found.
WARNING: [Labtoolstcl 44-130] No matching hw_ilas were found.
WARNING: [Labtoolstcl 44-130] No matching hw_ilas were found.
WARNING: [Labtoolstcl 44-130] No matching hw_ilas were found.
reset_run synth_1
launch_runs synth_1 -jobs 4
INFO: [HDL 9-1061] Parsing VHDL file "D:/Programs/Developing/Dig2_Pong_Joostens_Tomek/Dig2_Pong_Joostens_Tomek.srcs/sources_1/new/top_module.vhd" into library xil_defaultlib [D:/Programs/Developing/Dig2_Pong_Joostens_Tomek/Dig2_Pong_Joostens_Tomek.srcs/sources_1/new/top_module.vhd:1]
[Mon Aug 06 17:10:50 2018] Launched synth_1...
Run output will be captured here: D:/Programs/Developing/Dig2_Pong_Joostens_Tomek/Dig2_Pong_Joostens_Tomek.runs/synth_1/runme.log
launch_runs impl_1 -jobs 4
[Mon Aug 06 17:11:20 2018] Launched impl_1...
Run output will be captured here: D:/Programs/Developing/Dig2_Pong_Joostens_Tomek/Dig2_Pong_Joostens_Tomek.runs/impl_1/runme.log
reset_run synth_1
launch_runs synth_1 -jobs 4
INFO: [HDL 9-1061] Parsing VHDL file "D:/Programs/Developing/Dig2_Pong_Joostens_Tomek/Dig2_Pong_Joostens_Tomek.srcs/sources_1/new/top_module.vhd" into library xil_defaultlib [D:/Programs/Developing/Dig2_Pong_Joostens_Tomek/Dig2_Pong_Joostens_Tomek.srcs/sources_1/new/top_module.vhd:1]
[Mon Aug 06 17:21:36 2018] Launched synth_1...
Run output will be captured here: D:/Programs/Developing/Dig2_Pong_Joostens_Tomek/Dig2_Pong_Joostens_Tomek.runs/synth_1/runme.log
launch_runs impl_1 -jobs 4
[Mon Aug 06 17:22:05 2018] Launched impl_1...
Run output will be captured here: D:/Programs/Developing/Dig2_Pong_Joostens_Tomek/Dig2_Pong_Joostens_Tomek.runs/impl_1/runme.log
launch_runs impl_1 -to_step write_bitstream -jobs 4
[Mon Aug 06 17:23:09 2018] Launched impl_1...
Run output will be captured here: D:/Programs/Developing/Dig2_Pong_Joostens_Tomek/Dig2_Pong_Joostens_Tomek.runs/impl_1/runme.log
set_property PROBES.FILE {} [lindex [get_hw_devices xc7a35t_0] 0]
set_property PROGRAM.FILE {D:/Programs/Developing/Dig2_Pong_Joostens_Tomek/Dig2_Pong_Joostens_Tomek.runs/impl_1/top_module.bit} [lindex [get_hw_devices xc7a35t_0] 0]
program_hw_devices [lindex [get_hw_devices xc7a35t_0] 0]
INFO: [Labtools 27-3164] End of startup status: HIGH
refresh_hw_device [lindex [get_hw_devices xc7a35t_0] 0]
INFO: [Labtools 27-1434] Device xc7a35t (JTAG device index = 0) is programmed with a design that has no supported debug core(s) in it.
WARNING: [Labtools 27-3123] The debug hub core was not detected at User Scan Chain 1 or 3.
Resolution: 
1. Make sure the clock connected to the debug hub (dbg_hub) core is a free running clock and is active OR
2. Manually launch hw_server with -e "set xsdb-user-bscan <C_USER_SCAN_CHAIN scan_chain_number>" to detect the debug hub at User Scan Chain of 2 or 4. To determine the user scan chain setting, open the implemented design and use: get_property C_USER_SCAN_CHAIN [get_debug_cores dbg_hub].
WARNING: [Labtoolstcl 44-130] No matching hw_ilas were found.
WARNING: [Labtoolstcl 44-130] No matching hw_ilas were found.
WARNING: [Labtoolstcl 44-130] No matching hw_ilas were found.
WARNING: [Labtoolstcl 44-130] No matching hw_ilas were found.
reset_run synth_1
launch_runs synth_1 -jobs 4
INFO: [HDL 9-1061] Parsing VHDL file "D:/Programs/Developing/Dig2_Pong_Joostens_Tomek/Dig2_Pong_Joostens_Tomek.srcs/sources_1/new/top_module.vhd" into library xil_defaultlib [D:/Programs/Developing/Dig2_Pong_Joostens_Tomek/Dig2_Pong_Joostens_Tomek.srcs/sources_1/new/top_module.vhd:1]
[Mon Aug 06 17:27:50 2018] Launched synth_1...
Run output will be captured here: D:/Programs/Developing/Dig2_Pong_Joostens_Tomek/Dig2_Pong_Joostens_Tomek.runs/synth_1/runme.log
launch_runs impl_1 -jobs 4
[Mon Aug 06 17:28:21 2018] Launched impl_1...
Run output will be captured here: D:/Programs/Developing/Dig2_Pong_Joostens_Tomek/Dig2_Pong_Joostens_Tomek.runs/impl_1/runme.log
launch_runs impl_1 -to_step write_bitstream -jobs 4
[Mon Aug 06 17:29:08 2018] Launched impl_1...
Run output will be captured here: D:/Programs/Developing/Dig2_Pong_Joostens_Tomek/Dig2_Pong_Joostens_Tomek.runs/impl_1/runme.log
set_property PROBES.FILE {} [lindex [get_hw_devices xc7a35t_0] 0]
set_property PROGRAM.FILE {D:/Programs/Developing/Dig2_Pong_Joostens_Tomek/Dig2_Pong_Joostens_Tomek.runs/impl_1/top_module.bit} [lindex [get_hw_devices xc7a35t_0] 0]
program_hw_devices [lindex [get_hw_devices xc7a35t_0] 0]
INFO: [Labtools 27-3164] End of startup status: HIGH
refresh_hw_device [lindex [get_hw_devices xc7a35t_0] 0]
INFO: [Labtools 27-1434] Device xc7a35t (JTAG device index = 0) is programmed with a design that has no supported debug core(s) in it.
WARNING: [Labtools 27-3123] The debug hub core was not detected at User Scan Chain 1 or 3.
Resolution: 
1. Make sure the clock connected to the debug hub (dbg_hub) core is a free running clock and is active OR
2. Manually launch hw_server with -e "set xsdb-user-bscan <C_USER_SCAN_CHAIN scan_chain_number>" to detect the debug hub at User Scan Chain of 2 or 4. To determine the user scan chain setting, open the implemented design and use: get_property C_USER_SCAN_CHAIN [get_debug_cores dbg_hub].
WARNING: [Labtoolstcl 44-130] No matching hw_ilas were found.
WARNING: [Labtoolstcl 44-130] No matching hw_ilas were found.
WARNING: [Labtoolstcl 44-130] No matching hw_ilas were found.
WARNING: [Labtoolstcl 44-130] No matching hw_ilas were found.
reset_run synth_1
launch_runs synth_1 -jobs 4
INFO: [HDL 9-1061] Parsing VHDL file "D:/Programs/Developing/Dig2_Pong_Joostens_Tomek/Dig2_Pong_Joostens_Tomek.srcs/sources_1/new/top_module.vhd" into library xil_defaultlib [D:/Programs/Developing/Dig2_Pong_Joostens_Tomek/Dig2_Pong_Joostens_Tomek.srcs/sources_1/new/top_module.vhd:1]
[Mon Aug 06 17:32:34 2018] Launched synth_1...
Run output will be captured here: D:/Programs/Developing/Dig2_Pong_Joostens_Tomek/Dig2_Pong_Joostens_Tomek.runs/synth_1/runme.log
launch_runs impl_1 -jobs 4
[Mon Aug 06 17:33:04 2018] Launched impl_1...
Run output will be captured here: D:/Programs/Developing/Dig2_Pong_Joostens_Tomek/Dig2_Pong_Joostens_Tomek.runs/impl_1/runme.log
launch_runs impl_1 -to_step write_bitstream -jobs 4
[Mon Aug 06 17:33:52 2018] Launched impl_1...
Run output will be captured here: D:/Programs/Developing/Dig2_Pong_Joostens_Tomek/Dig2_Pong_Joostens_Tomek.runs/impl_1/runme.log
set_property PROBES.FILE {} [lindex [get_hw_devices xc7a35t_0] 0]
set_property PROGRAM.FILE {D:/Programs/Developing/Dig2_Pong_Joostens_Tomek/Dig2_Pong_Joostens_Tomek.runs/impl_1/top_module.bit} [lindex [get_hw_devices xc7a35t_0] 0]
program_hw_devices [lindex [get_hw_devices xc7a35t_0] 0]
INFO: [Labtools 27-3164] End of startup status: HIGH
refresh_hw_device [lindex [get_hw_devices xc7a35t_0] 0]
INFO: [Labtools 27-1434] Device xc7a35t (JTAG device index = 0) is programmed with a design that has no supported debug core(s) in it.
WARNING: [Labtools 27-3123] The debug hub core was not detected at User Scan Chain 1 or 3.
Resolution: 
1. Make sure the clock connected to the debug hub (dbg_hub) core is a free running clock and is active OR
2. Manually launch hw_server with -e "set xsdb-user-bscan <C_USER_SCAN_CHAIN scan_chain_number>" to detect the debug hub at User Scan Chain of 2 or 4. To determine the user scan chain setting, open the implemented design and use: get_property C_USER_SCAN_CHAIN [get_debug_cores dbg_hub].
WARNING: [Labtoolstcl 44-130] No matching hw_ilas were found.
WARNING: [Labtoolstcl 44-130] No matching hw_ilas were found.
WARNING: [Labtoolstcl 44-130] No matching hw_ilas were found.
WARNING: [Labtoolstcl 44-130] No matching hw_ilas were found.
reset_run synth_1
launch_runs synth_1 -jobs 4
INFO: [HDL 9-1061] Parsing VHDL file "D:/Programs/Developing/Dig2_Pong_Joostens_Tomek/Dig2_Pong_Joostens_Tomek.srcs/sources_1/new/top_module.vhd" into library xil_defaultlib [D:/Programs/Developing/Dig2_Pong_Joostens_Tomek/Dig2_Pong_Joostens_Tomek.srcs/sources_1/new/top_module.vhd:1]
[Mon Aug 06 17:35:40 2018] Launched synth_1...
Run output will be captured here: D:/Programs/Developing/Dig2_Pong_Joostens_Tomek/Dig2_Pong_Joostens_Tomek.runs/synth_1/runme.log
launch_runs impl_1 -jobs 4
[Mon Aug 06 17:36:05 2018] Launched impl_1...
Run output will be captured here: D:/Programs/Developing/Dig2_Pong_Joostens_Tomek/Dig2_Pong_Joostens_Tomek.runs/impl_1/runme.log
launch_runs impl_1 -to_step write_bitstream -jobs 4
[Mon Aug 06 17:36:49 2018] Launched impl_1...
Run output will be captured here: D:/Programs/Developing/Dig2_Pong_Joostens_Tomek/Dig2_Pong_Joostens_Tomek.runs/impl_1/runme.log
set_property PROBES.FILE {} [lindex [get_hw_devices xc7a35t_0] 0]
set_property PROGRAM.FILE {D:/Programs/Developing/Dig2_Pong_Joostens_Tomek/Dig2_Pong_Joostens_Tomek.runs/impl_1/top_module.bit} [lindex [get_hw_devices xc7a35t_0] 0]
program_hw_devices [lindex [get_hw_devices xc7a35t_0] 0]
INFO: [Labtools 27-3164] End of startup status: HIGH
refresh_hw_device [lindex [get_hw_devices xc7a35t_0] 0]
INFO: [Labtools 27-1434] Device xc7a35t (JTAG device index = 0) is programmed with a design that has no supported debug core(s) in it.
WARNING: [Labtools 27-3123] The debug hub core was not detected at User Scan Chain 1 or 3.
Resolution: 
1. Make sure the clock connected to the debug hub (dbg_hub) core is a free running clock and is active OR
2. Manually launch hw_server with -e "set xsdb-user-bscan <C_USER_SCAN_CHAIN scan_chain_number>" to detect the debug hub at User Scan Chain of 2 or 4. To determine the user scan chain setting, open the implemented design and use: get_property C_USER_SCAN_CHAIN [get_debug_cores dbg_hub].
WARNING: [Labtoolstcl 44-130] No matching hw_ilas were found.
WARNING: [Labtoolstcl 44-130] No matching hw_ilas were found.
WARNING: [Labtoolstcl 44-130] No matching hw_ilas were found.
WARNING: [Labtoolstcl 44-130] No matching hw_ilas were found.
reset_run synth_1
launch_runs synth_1 -jobs 4
INFO: [HDL 9-1061] Parsing VHDL file "D:/Programs/Developing/Dig2_Pong_Joostens_Tomek/Dig2_Pong_Joostens_Tomek.srcs/sources_1/new/top_module.vhd" into library xil_defaultlib [D:/Programs/Developing/Dig2_Pong_Joostens_Tomek/Dig2_Pong_Joostens_Tomek.srcs/sources_1/new/top_module.vhd:1]
[Mon Aug 06 17:48:50 2018] Launched synth_1...
Run output will be captured here: D:/Programs/Developing/Dig2_Pong_Joostens_Tomek/Dig2_Pong_Joostens_Tomek.runs/synth_1/runme.log
reset_run synth_1
launch_runs synth_1 -jobs 4
INFO: [HDL 9-1061] Parsing VHDL file "D:/Programs/Developing/Dig2_Pong_Joostens_Tomek/Dig2_Pong_Joostens_Tomek.srcs/sources_1/new/top_module.vhd" into library xil_defaultlib [D:/Programs/Developing/Dig2_Pong_Joostens_Tomek/Dig2_Pong_Joostens_Tomek.srcs/sources_1/new/top_module.vhd:1]
[Mon Aug 06 17:50:32 2018] Launched synth_1...
Run output will be captured here: D:/Programs/Developing/Dig2_Pong_Joostens_Tomek/Dig2_Pong_Joostens_Tomek.runs/synth_1/runme.log
reset_run synth_1
launch_runs synth_1 -jobs 4
INFO: [HDL 9-1061] Parsing VHDL file "D:/Programs/Developing/Dig2_Pong_Joostens_Tomek/Dig2_Pong_Joostens_Tomek.srcs/sources_1/new/top_module.vhd" into library xil_defaultlib [D:/Programs/Developing/Dig2_Pong_Joostens_Tomek/Dig2_Pong_Joostens_Tomek.srcs/sources_1/new/top_module.vhd:1]
[Mon Aug 06 17:50:49 2018] Launched synth_1...
Run output will be captured here: D:/Programs/Developing/Dig2_Pong_Joostens_Tomek/Dig2_Pong_Joostens_Tomek.runs/synth_1/runme.log
launch_runs impl_1 -jobs 4
[Mon Aug 06 17:51:25 2018] Launched impl_1...
Run output will be captured here: D:/Programs/Developing/Dig2_Pong_Joostens_Tomek/Dig2_Pong_Joostens_Tomek.runs/impl_1/runme.log
launch_runs impl_1 -to_step write_bitstream -jobs 4
[Mon Aug 06 17:52:15 2018] Launched impl_1...
Run output will be captured here: D:/Programs/Developing/Dig2_Pong_Joostens_Tomek/Dig2_Pong_Joostens_Tomek.runs/impl_1/runme.log
set_property PROBES.FILE {} [lindex [get_hw_devices xc7a35t_0] 0]
set_property PROGRAM.FILE {D:/Programs/Developing/Dig2_Pong_Joostens_Tomek/Dig2_Pong_Joostens_Tomek.runs/impl_1/top_module.bit} [lindex [get_hw_devices xc7a35t_0] 0]
program_hw_devices [lindex [get_hw_devices xc7a35t_0] 0]
INFO: [Labtools 27-3164] End of startup status: HIGH
refresh_hw_device [lindex [get_hw_devices xc7a35t_0] 0]
INFO: [Labtools 27-1434] Device xc7a35t (JTAG device index = 0) is programmed with a design that has no supported debug core(s) in it.
WARNING: [Labtools 27-3123] The debug hub core was not detected at User Scan Chain 1 or 3.
Resolution: 
1. Make sure the clock connected to the debug hub (dbg_hub) core is a free running clock and is active OR
2. Manually launch hw_server with -e "set xsdb-user-bscan <C_USER_SCAN_CHAIN scan_chain_number>" to detect the debug hub at User Scan Chain of 2 or 4. To determine the user scan chain setting, open the implemented design and use: get_property C_USER_SCAN_CHAIN [get_debug_cores dbg_hub].
WARNING: [Labtoolstcl 44-130] No matching hw_ilas were found.
WARNING: [Labtoolstcl 44-130] No matching hw_ilas were found.
WARNING: [Labtoolstcl 44-130] No matching hw_ilas were found.
WARNING: [Labtoolstcl 44-130] No matching hw_ilas were found.
reset_run synth_1
launch_runs synth_1 -jobs 4
INFO: [HDL 9-1061] Parsing VHDL file "D:/Programs/Developing/Dig2_Pong_Joostens_Tomek/Dig2_Pong_Joostens_Tomek.srcs/sources_1/new/top_module.vhd" into library xil_defaultlib [D:/Programs/Developing/Dig2_Pong_Joostens_Tomek/Dig2_Pong_Joostens_Tomek.srcs/sources_1/new/top_module.vhd:1]
[Mon Aug 06 18:09:38 2018] Launched synth_1...
Run output will be captured here: D:/Programs/Developing/Dig2_Pong_Joostens_Tomek/Dig2_Pong_Joostens_Tomek.runs/synth_1/runme.log
launch_runs impl_1 -jobs 4
[Mon Aug 06 18:10:05 2018] Launched impl_1...
Run output will be captured here: D:/Programs/Developing/Dig2_Pong_Joostens_Tomek/Dig2_Pong_Joostens_Tomek.runs/impl_1/runme.log
launch_runs impl_1 -to_step write_bitstream -jobs 4
[Mon Aug 06 18:10:52 2018] Launched impl_1...
Run output will be captured here: D:/Programs/Developing/Dig2_Pong_Joostens_Tomek/Dig2_Pong_Joostens_Tomek.runs/impl_1/runme.log
reset_run synth_1
launch_runs synth_1 -jobs 4
INFO: [HDL 9-1061] Parsing VHDL file "D:/Programs/Developing/Dig2_Pong_Joostens_Tomek/Dig2_Pong_Joostens_Tomek.srcs/sources_1/new/top_module.vhd" into library xil_defaultlib [D:/Programs/Developing/Dig2_Pong_Joostens_Tomek/Dig2_Pong_Joostens_Tomek.srcs/sources_1/new/top_module.vhd:1]
[Mon Aug 06 18:21:49 2018] Launched synth_1...
Run output will be captured here: D:/Programs/Developing/Dig2_Pong_Joostens_Tomek/Dig2_Pong_Joostens_Tomek.runs/synth_1/runme.log
launch_runs impl_1 -jobs 4
[Mon Aug 06 18:22:25 2018] Launched impl_1...
Run output will be captured here: D:/Programs/Developing/Dig2_Pong_Joostens_Tomek/Dig2_Pong_Joostens_Tomek.runs/impl_1/runme.log
launch_runs impl_1 -to_step write_bitstream -jobs 4
[Mon Aug 06 18:23:08 2018] Launched impl_1...
Run output will be captured here: D:/Programs/Developing/Dig2_Pong_Joostens_Tomek/Dig2_Pong_Joostens_Tomek.runs/impl_1/runme.log
set_property PROBES.FILE {} [lindex [get_hw_devices xc7a35t_0] 0]
set_property PROGRAM.FILE {D:/Programs/Developing/Dig2_Pong_Joostens_Tomek/Dig2_Pong_Joostens_Tomek.runs/impl_1/top_module.bit} [lindex [get_hw_devices xc7a35t_0] 0]
program_hw_devices [lindex [get_hw_devices xc7a35t_0] 0]
INFO: [Labtools 27-3164] End of startup status: HIGH
refresh_hw_device [lindex [get_hw_devices xc7a35t_0] 0]
INFO: [Labtools 27-1434] Device xc7a35t (JTAG device index = 0) is programmed with a design that has no supported debug core(s) in it.
WARNING: [Labtools 27-3123] The debug hub core was not detected at User Scan Chain 1 or 3.
Resolution: 
1. Make sure the clock connected to the debug hub (dbg_hub) core is a free running clock and is active OR
2. Manually launch hw_server with -e "set xsdb-user-bscan <C_USER_SCAN_CHAIN scan_chain_number>" to detect the debug hub at User Scan Chain of 2 or 4. To determine the user scan chain setting, open the implemented design and use: get_property C_USER_SCAN_CHAIN [get_debug_cores dbg_hub].
WARNING: [Labtoolstcl 44-130] No matching hw_ilas were found.
WARNING: [Labtoolstcl 44-130] No matching hw_ilas were found.
WARNING: [Labtoolstcl 44-130] No matching hw_ilas were found.
WARNING: [Labtoolstcl 44-130] No matching hw_ilas were found.
reset_run synth_1
launch_runs synth_1 -jobs 4
INFO: [HDL 9-1061] Parsing VHDL file "D:/Programs/Developing/Dig2_Pong_Joostens_Tomek/Dig2_Pong_Joostens_Tomek.srcs/sources_1/new/top_module.vhd" into library xil_defaultlib [D:/Programs/Developing/Dig2_Pong_Joostens_Tomek/Dig2_Pong_Joostens_Tomek.srcs/sources_1/new/top_module.vhd:1]
[Mon Aug 06 18:26:23 2018] Launched synth_1...
Run output will be captured here: D:/Programs/Developing/Dig2_Pong_Joostens_Tomek/Dig2_Pong_Joostens_Tomek.runs/synth_1/runme.log
launch_runs impl_1 -jobs 4
[Mon Aug 06 18:26:51 2018] Launched impl_1...
Run output will be captured here: D:/Programs/Developing/Dig2_Pong_Joostens_Tomek/Dig2_Pong_Joostens_Tomek.runs/impl_1/runme.log
launch_runs impl_1 -to_step write_bitstream -jobs 4
[Mon Aug 06 18:27:35 2018] Launched impl_1...
Run output will be captured here: D:/Programs/Developing/Dig2_Pong_Joostens_Tomek/Dig2_Pong_Joostens_Tomek.runs/impl_1/runme.log
set_property PROBES.FILE {} [lindex [get_hw_devices xc7a35t_0] 0]
set_property PROGRAM.FILE {D:/Programs/Developing/Dig2_Pong_Joostens_Tomek/Dig2_Pong_Joostens_Tomek.runs/impl_1/top_module.bit} [lindex [get_hw_devices xc7a35t_0] 0]
program_hw_devices [lindex [get_hw_devices xc7a35t_0] 0]
INFO: [Labtools 27-3164] End of startup status: HIGH
refresh_hw_device [lindex [get_hw_devices xc7a35t_0] 0]
INFO: [Labtools 27-1434] Device xc7a35t (JTAG device index = 0) is programmed with a design that has no supported debug core(s) in it.
WARNING: [Labtools 27-3123] The debug hub core was not detected at User Scan Chain 1 or 3.
Resolution: 
1. Make sure the clock connected to the debug hub (dbg_hub) core is a free running clock and is active OR
2. Manually launch hw_server with -e "set xsdb-user-bscan <C_USER_SCAN_CHAIN scan_chain_number>" to detect the debug hub at User Scan Chain of 2 or 4. To determine the user scan chain setting, open the implemented design and use: get_property C_USER_SCAN_CHAIN [get_debug_cores dbg_hub].
WARNING: [Labtoolstcl 44-130] No matching hw_ilas were found.
WARNING: [Labtoolstcl 44-130] No matching hw_ilas were found.
WARNING: [Labtoolstcl 44-130] No matching hw_ilas were found.
WARNING: [Labtoolstcl 44-130] No matching hw_ilas were found.
reset_run synth_1
launch_runs synth_1 -jobs 4
INFO: [HDL 9-1061] Parsing VHDL file "D:/Programs/Developing/Dig2_Pong_Joostens_Tomek/Dig2_Pong_Joostens_Tomek.srcs/sources_1/new/top_module.vhd" into library xil_defaultlib [D:/Programs/Developing/Dig2_Pong_Joostens_Tomek/Dig2_Pong_Joostens_Tomek.srcs/sources_1/new/top_module.vhd:1]
[Mon Aug 06 18:29:18 2018] Launched synth_1...
Run output will be captured here: D:/Programs/Developing/Dig2_Pong_Joostens_Tomek/Dig2_Pong_Joostens_Tomek.runs/synth_1/runme.log
launch_runs impl_1 -jobs 4
[Mon Aug 06 18:29:44 2018] Launched impl_1...
Run output will be captured here: D:/Programs/Developing/Dig2_Pong_Joostens_Tomek/Dig2_Pong_Joostens_Tomek.runs/impl_1/runme.log
launch_runs impl_1 -to_step write_bitstream -jobs 4
[Mon Aug 06 18:30:31 2018] Launched impl_1...
Run output will be captured here: D:/Programs/Developing/Dig2_Pong_Joostens_Tomek/Dig2_Pong_Joostens_Tomek.runs/impl_1/runme.log
set_property PROBES.FILE {} [lindex [get_hw_devices xc7a35t_0] 0]
set_property PROGRAM.FILE {D:/Programs/Developing/Dig2_Pong_Joostens_Tomek/Dig2_Pong_Joostens_Tomek.runs/impl_1/top_module.bit} [lindex [get_hw_devices xc7a35t_0] 0]
program_hw_devices [lindex [get_hw_devices xc7a35t_0] 0]
INFO: [Labtools 27-3164] End of startup status: HIGH
refresh_hw_device [lindex [get_hw_devices xc7a35t_0] 0]
INFO: [Labtools 27-1434] Device xc7a35t (JTAG device index = 0) is programmed with a design that has no supported debug core(s) in it.
WARNING: [Labtools 27-3123] The debug hub core was not detected at User Scan Chain 1 or 3.
Resolution: 
1. Make sure the clock connected to the debug hub (dbg_hub) core is a free running clock and is active OR
2. Manually launch hw_server with -e "set xsdb-user-bscan <C_USER_SCAN_CHAIN scan_chain_number>" to detect the debug hub at User Scan Chain of 2 or 4. To determine the user scan chain setting, open the implemented design and use: get_property C_USER_SCAN_CHAIN [get_debug_cores dbg_hub].
WARNING: [Labtoolstcl 44-130] No matching hw_ilas were found.
WARNING: [Labtoolstcl 44-130] No matching hw_ilas were found.
WARNING: [Labtoolstcl 44-130] No matching hw_ilas were found.
WARNING: [Labtoolstcl 44-130] No matching hw_ilas were found.
reset_run synth_1
launch_runs synth_1 -jobs 4
INFO: [HDL 9-1061] Parsing VHDL file "D:/Programs/Developing/Dig2_Pong_Joostens_Tomek/Dig2_Pong_Joostens_Tomek.srcs/sources_1/new/top_module.vhd" into library xil_defaultlib [D:/Programs/Developing/Dig2_Pong_Joostens_Tomek/Dig2_Pong_Joostens_Tomek.srcs/sources_1/new/top_module.vhd:1]
[Mon Aug 06 19:03:32 2018] Launched synth_1...
Run output will be captured here: D:/Programs/Developing/Dig2_Pong_Joostens_Tomek/Dig2_Pong_Joostens_Tomek.runs/synth_1/runme.log
reset_run synth_1
launch_runs synth_1 -jobs 4
INFO: [HDL 9-1061] Parsing VHDL file "D:/Programs/Developing/Dig2_Pong_Joostens_Tomek/Dig2_Pong_Joostens_Tomek.srcs/sources_1/new/top_module.vhd" into library xil_defaultlib [D:/Programs/Developing/Dig2_Pong_Joostens_Tomek/Dig2_Pong_Joostens_Tomek.srcs/sources_1/new/top_module.vhd:1]
[Mon Aug 06 19:04:25 2018] Launched synth_1...
Run output will be captured here: D:/Programs/Developing/Dig2_Pong_Joostens_Tomek/Dig2_Pong_Joostens_Tomek.runs/synth_1/runme.log
launch_runs impl_1 -jobs 4
[Mon Aug 06 19:04:54 2018] Launched impl_1...
Run output will be captured here: D:/Programs/Developing/Dig2_Pong_Joostens_Tomek/Dig2_Pong_Joostens_Tomek.runs/impl_1/runme.log
launch_runs impl_1 -to_step write_bitstream -jobs 4
[Mon Aug 06 19:05:39 2018] Launched impl_1...
Run output will be captured here: D:/Programs/Developing/Dig2_Pong_Joostens_Tomek/Dig2_Pong_Joostens_Tomek.runs/impl_1/runme.log
set_property PROBES.FILE {} [lindex [get_hw_devices xc7a35t_0] 0]
set_property PROGRAM.FILE {D:/Programs/Developing/Dig2_Pong_Joostens_Tomek/Dig2_Pong_Joostens_Tomek.runs/impl_1/top_module.bit} [lindex [get_hw_devices xc7a35t_0] 0]
program_hw_devices [lindex [get_hw_devices xc7a35t_0] 0]
INFO: [Labtools 27-3164] End of startup status: HIGH
refresh_hw_device [lindex [get_hw_devices xc7a35t_0] 0]
INFO: [Labtools 27-1434] Device xc7a35t (JTAG device index = 0) is programmed with a design that has no supported debug core(s) in it.
WARNING: [Labtools 27-3123] The debug hub core was not detected at User Scan Chain 1 or 3.
Resolution: 
1. Make sure the clock connected to the debug hub (dbg_hub) core is a free running clock and is active OR
2. Manually launch hw_server with -e "set xsdb-user-bscan <C_USER_SCAN_CHAIN scan_chain_number>" to detect the debug hub at User Scan Chain of 2 or 4. To determine the user scan chain setting, open the implemented design and use: get_property C_USER_SCAN_CHAIN [get_debug_cores dbg_hub].
WARNING: [Labtoolstcl 44-130] No matching hw_ilas were found.
WARNING: [Labtoolstcl 44-130] No matching hw_ilas were found.
WARNING: [Labtoolstcl 44-130] No matching hw_ilas were found.
WARNING: [Labtoolstcl 44-130] No matching hw_ilas were found.
reset_run synth_1
launch_runs synth_1 -jobs 4
INFO: [HDL 9-1061] Parsing VHDL file "D:/Programs/Developing/Dig2_Pong_Joostens_Tomek/Dig2_Pong_Joostens_Tomek.srcs/sources_1/new/top_module.vhd" into library xil_defaultlib [D:/Programs/Developing/Dig2_Pong_Joostens_Tomek/Dig2_Pong_Joostens_Tomek.srcs/sources_1/new/top_module.vhd:1]
[Mon Aug 06 19:06:51 2018] Launched synth_1...
Run output will be captured here: D:/Programs/Developing/Dig2_Pong_Joostens_Tomek/Dig2_Pong_Joostens_Tomek.runs/synth_1/runme.log
launch_runs impl_1 -jobs 4
[Mon Aug 06 19:07:15 2018] Launched impl_1...
Run output will be captured here: D:/Programs/Developing/Dig2_Pong_Joostens_Tomek/Dig2_Pong_Joostens_Tomek.runs/impl_1/runme.log
launch_runs impl_1 -to_step write_bitstream -jobs 4
[Mon Aug 06 19:08:21 2018] Launched impl_1...
Run output will be captured here: D:/Programs/Developing/Dig2_Pong_Joostens_Tomek/Dig2_Pong_Joostens_Tomek.runs/impl_1/runme.log
reset_run synth_1
launch_runs synth_1 -jobs 4
INFO: [HDL 9-1061] Parsing VHDL file "D:/Programs/Developing/Dig2_Pong_Joostens_Tomek/Dig2_Pong_Joostens_Tomek.srcs/sources_1/new/top_module.vhd" into library xil_defaultlib [D:/Programs/Developing/Dig2_Pong_Joostens_Tomek/Dig2_Pong_Joostens_Tomek.srcs/sources_1/new/top_module.vhd:1]
[Mon Aug 06 19:09:02 2018] Launched synth_1...
Run output will be captured here: D:/Programs/Developing/Dig2_Pong_Joostens_Tomek/Dig2_Pong_Joostens_Tomek.runs/synth_1/runme.log
launch_runs impl_1 -jobs 4
[Mon Aug 06 19:09:28 2018] Launched impl_1...
Run output will be captured here: D:/Programs/Developing/Dig2_Pong_Joostens_Tomek/Dig2_Pong_Joostens_Tomek.runs/impl_1/runme.log
launch_runs impl_1 -to_step write_bitstream -jobs 4
[Mon Aug 06 19:11:21 2018] Launched impl_1...
Run output will be captured here: D:/Programs/Developing/Dig2_Pong_Joostens_Tomek/Dig2_Pong_Joostens_Tomek.runs/impl_1/runme.log
set_property PROBES.FILE {} [lindex [get_hw_devices xc7a35t_0] 0]
set_property PROGRAM.FILE {D:/Programs/Developing/Dig2_Pong_Joostens_Tomek/Dig2_Pong_Joostens_Tomek.runs/impl_1/top_module.bit} [lindex [get_hw_devices xc7a35t_0] 0]
program_hw_devices [lindex [get_hw_devices xc7a35t_0] 0]
INFO: [Labtools 27-3164] End of startup status: HIGH
refresh_hw_device [lindex [get_hw_devices xc7a35t_0] 0]
INFO: [Labtools 27-1434] Device xc7a35t (JTAG device index = 0) is programmed with a design that has no supported debug core(s) in it.
WARNING: [Labtools 27-3123] The debug hub core was not detected at User Scan Chain 1 or 3.
Resolution: 
1. Make sure the clock connected to the debug hub (dbg_hub) core is a free running clock and is active OR
2. Manually launch hw_server with -e "set xsdb-user-bscan <C_USER_SCAN_CHAIN scan_chain_number>" to detect the debug hub at User Scan Chain of 2 or 4. To determine the user scan chain setting, open the implemented design and use: get_property C_USER_SCAN_CHAIN [get_debug_cores dbg_hub].
WARNING: [Labtoolstcl 44-130] No matching hw_ilas were found.
WARNING: [Labtoolstcl 44-130] No matching hw_ilas were found.
WARNING: [Labtoolstcl 44-130] No matching hw_ilas were found.
WARNING: [Labtoolstcl 44-130] No matching hw_ilas were found.
reset_run synth_1
launch_runs synth_1 -jobs 4
INFO: [HDL 9-1061] Parsing VHDL file "D:/Programs/Developing/Dig2_Pong_Joostens_Tomek/Dig2_Pong_Joostens_Tomek.srcs/sources_1/new/top_module.vhd" into library xil_defaultlib [D:/Programs/Developing/Dig2_Pong_Joostens_Tomek/Dig2_Pong_Joostens_Tomek.srcs/sources_1/new/top_module.vhd:1]
[Mon Aug 06 19:12:19 2018] Launched synth_1...
Run output will be captured here: D:/Programs/Developing/Dig2_Pong_Joostens_Tomek/Dig2_Pong_Joostens_Tomek.runs/synth_1/runme.log
launch_runs impl_1 -jobs 4
[Mon Aug 06 19:12:48 2018] Launched impl_1...
Run output will be captured here: D:/Programs/Developing/Dig2_Pong_Joostens_Tomek/Dig2_Pong_Joostens_Tomek.runs/impl_1/runme.log
launch_runs impl_1 -to_step write_bitstream -jobs 4
[Mon Aug 06 19:13:46 2018] Launched impl_1...
Run output will be captured here: D:/Programs/Developing/Dig2_Pong_Joostens_Tomek/Dig2_Pong_Joostens_Tomek.runs/impl_1/runme.log
set_property PROBES.FILE {} [lindex [get_hw_devices xc7a35t_0] 0]
set_property PROGRAM.FILE {D:/Programs/Developing/Dig2_Pong_Joostens_Tomek/Dig2_Pong_Joostens_Tomek.runs/impl_1/top_module.bit} [lindex [get_hw_devices xc7a35t_0] 0]
program_hw_devices [lindex [get_hw_devices xc7a35t_0] 0]
INFO: [Labtools 27-3164] End of startup status: HIGH
refresh_hw_device [lindex [get_hw_devices xc7a35t_0] 0]
INFO: [Labtools 27-1434] Device xc7a35t (JTAG device index = 0) is programmed with a design that has no supported debug core(s) in it.
WARNING: [Labtools 27-3123] The debug hub core was not detected at User Scan Chain 1 or 3.
Resolution: 
1. Make sure the clock connected to the debug hub (dbg_hub) core is a free running clock and is active OR
2. Manually launch hw_server with -e "set xsdb-user-bscan <C_USER_SCAN_CHAIN scan_chain_number>" to detect the debug hub at User Scan Chain of 2 or 4. To determine the user scan chain setting, open the implemented design and use: get_property C_USER_SCAN_CHAIN [get_debug_cores dbg_hub].
WARNING: [Labtoolstcl 44-130] No matching hw_ilas were found.
WARNING: [Labtoolstcl 44-130] No matching hw_ilas were found.
WARNING: [Labtoolstcl 44-130] No matching hw_ilas were found.
WARNING: [Labtoolstcl 44-130] No matching hw_ilas were found.
reset_run synth_1
launch_runs synth_1 -jobs 4
INFO: [HDL 9-1061] Parsing VHDL file "D:/Programs/Developing/Dig2_Pong_Joostens_Tomek/Dig2_Pong_Joostens_Tomek.srcs/sources_1/new/clock_div.vhd" into library xil_defaultlib [D:/Programs/Developing/Dig2_Pong_Joostens_Tomek/Dig2_Pong_Joostens_Tomek.srcs/sources_1/new/clock_div.vhd:1]
[Mon Aug 06 19:17:20 2018] Launched synth_1...
Run output will be captured here: D:/Programs/Developing/Dig2_Pong_Joostens_Tomek/Dig2_Pong_Joostens_Tomek.runs/synth_1/runme.log
launch_runs impl_1 -jobs 4
[Mon Aug 06 19:17:49 2018] Launched impl_1...
Run output will be captured here: D:/Programs/Developing/Dig2_Pong_Joostens_Tomek/Dig2_Pong_Joostens_Tomek.runs/impl_1/runme.log
launch_runs impl_1 -to_step write_bitstream -jobs 4
[Mon Aug 06 19:18:45 2018] Launched impl_1...
Run output will be captured here: D:/Programs/Developing/Dig2_Pong_Joostens_Tomek/Dig2_Pong_Joostens_Tomek.runs/impl_1/runme.log
set_property PROBES.FILE {} [lindex [get_hw_devices xc7a35t_0] 0]
set_property PROGRAM.FILE {D:/Programs/Developing/Dig2_Pong_Joostens_Tomek/Dig2_Pong_Joostens_Tomek.runs/impl_1/top_module.bit} [lindex [get_hw_devices xc7a35t_0] 0]
program_hw_devices [lindex [get_hw_devices xc7a35t_0] 0]
INFO: [Labtools 27-3164] End of startup status: HIGH
refresh_hw_device [lindex [get_hw_devices xc7a35t_0] 0]
INFO: [Labtools 27-1434] Device xc7a35t (JTAG device index = 0) is programmed with a design that has no supported debug core(s) in it.
WARNING: [Labtools 27-3123] The debug hub core was not detected at User Scan Chain 1 or 3.
Resolution: 
1. Make sure the clock connected to the debug hub (dbg_hub) core is a free running clock and is active OR
2. Manually launch hw_server with -e "set xsdb-user-bscan <C_USER_SCAN_CHAIN scan_chain_number>" to detect the debug hub at User Scan Chain of 2 or 4. To determine the user scan chain setting, open the implemented design and use: get_property C_USER_SCAN_CHAIN [get_debug_cores dbg_hub].
WARNING: [Labtoolstcl 44-130] No matching hw_ilas were found.
WARNING: [Labtoolstcl 44-130] No matching hw_ilas were found.
WARNING: [Labtoolstcl 44-130] No matching hw_ilas were found.
WARNING: [Labtoolstcl 44-130] No matching hw_ilas were found.
reset_run synth_1
launch_runs synth_1 -jobs 4
INFO: [HDL 9-1061] Parsing VHDL file "D:/Programs/Developing/Dig2_Pong_Joostens_Tomek/Dig2_Pong_Joostens_Tomek.srcs/sources_1/new/top_module.vhd" into library xil_defaultlib [D:/Programs/Developing/Dig2_Pong_Joostens_Tomek/Dig2_Pong_Joostens_Tomek.srcs/sources_1/new/top_module.vhd:1]
[Mon Aug 06 19:21:38 2018] Launched synth_1...
Run output will be captured here: D:/Programs/Developing/Dig2_Pong_Joostens_Tomek/Dig2_Pong_Joostens_Tomek.runs/synth_1/runme.log
launch_runs impl_1 -jobs 4
[Mon Aug 06 19:22:05 2018] Launched impl_1...
Run output will be captured here: D:/Programs/Developing/Dig2_Pong_Joostens_Tomek/Dig2_Pong_Joostens_Tomek.runs/impl_1/runme.log
launch_runs impl_1 -to_step write_bitstream -jobs 4
[Mon Aug 06 19:22:57 2018] Launched impl_1...
Run output will be captured here: D:/Programs/Developing/Dig2_Pong_Joostens_Tomek/Dig2_Pong_Joostens_Tomek.runs/impl_1/runme.log
set_property PROBES.FILE {} [lindex [get_hw_devices xc7a35t_0] 0]
set_property PROGRAM.FILE {D:/Programs/Developing/Dig2_Pong_Joostens_Tomek/Dig2_Pong_Joostens_Tomek.runs/impl_1/top_module.bit} [lindex [get_hw_devices xc7a35t_0] 0]
program_hw_devices [lindex [get_hw_devices xc7a35t_0] 0]
INFO: [Labtools 27-3164] End of startup status: HIGH
refresh_hw_device [lindex [get_hw_devices xc7a35t_0] 0]
INFO: [Labtools 27-1434] Device xc7a35t (JTAG device index = 0) is programmed with a design that has no supported debug core(s) in it.
WARNING: [Labtools 27-3123] The debug hub core was not detected at User Scan Chain 1 or 3.
Resolution: 
1. Make sure the clock connected to the debug hub (dbg_hub) core is a free running clock and is active OR
2. Manually launch hw_server with -e "set xsdb-user-bscan <C_USER_SCAN_CHAIN scan_chain_number>" to detect the debug hub at User Scan Chain of 2 or 4. To determine the user scan chain setting, open the implemented design and use: get_property C_USER_SCAN_CHAIN [get_debug_cores dbg_hub].
WARNING: [Labtoolstcl 44-130] No matching hw_ilas were found.
WARNING: [Labtoolstcl 44-130] No matching hw_ilas were found.
WARNING: [Labtoolstcl 44-130] No matching hw_ilas were found.
WARNING: [Labtoolstcl 44-130] No matching hw_ilas were found.
reset_run synth_1
launch_runs synth_1 -jobs 4
INFO: [HDL 9-1061] Parsing VHDL file "D:/Programs/Developing/Dig2_Pong_Joostens_Tomek/Dig2_Pong_Joostens_Tomek.srcs/sources_1/new/top_module.vhd" into library xil_defaultlib [D:/Programs/Developing/Dig2_Pong_Joostens_Tomek/Dig2_Pong_Joostens_Tomek.srcs/sources_1/new/top_module.vhd:1]
[Mon Aug 06 19:24:15 2018] Launched synth_1...
Run output will be captured here: D:/Programs/Developing/Dig2_Pong_Joostens_Tomek/Dig2_Pong_Joostens_Tomek.runs/synth_1/runme.log
reset_run synth_1
launch_runs synth_1 -jobs 4
INFO: [HDL 9-1061] Parsing VHDL file "D:/Programs/Developing/Dig2_Pong_Joostens_Tomek/Dig2_Pong_Joostens_Tomek.srcs/sources_1/new/top_module.vhd" into library xil_defaultlib [D:/Programs/Developing/Dig2_Pong_Joostens_Tomek/Dig2_Pong_Joostens_Tomek.srcs/sources_1/new/top_module.vhd:1]
[Mon Aug 06 19:27:27 2018] Launched synth_1...
Run output will be captured here: D:/Programs/Developing/Dig2_Pong_Joostens_Tomek/Dig2_Pong_Joostens_Tomek.runs/synth_1/runme.log
launch_runs impl_1 -jobs 4
[Mon Aug 06 19:27:51 2018] Launched impl_1...
Run output will be captured here: D:/Programs/Developing/Dig2_Pong_Joostens_Tomek/Dig2_Pong_Joostens_Tomek.runs/impl_1/runme.log
launch_runs impl_1 -to_step write_bitstream -jobs 4
[Mon Aug 06 19:28:35 2018] Launched impl_1...
Run output will be captured here: D:/Programs/Developing/Dig2_Pong_Joostens_Tomek/Dig2_Pong_Joostens_Tomek.runs/impl_1/runme.log
set_property PROBES.FILE {} [lindex [get_hw_devices xc7a35t_0] 0]
set_property PROGRAM.FILE {D:/Programs/Developing/Dig2_Pong_Joostens_Tomek/Dig2_Pong_Joostens_Tomek.runs/impl_1/top_module.bit} [lindex [get_hw_devices xc7a35t_0] 0]
program_hw_devices [lindex [get_hw_devices xc7a35t_0] 0]
INFO: [Labtools 27-3164] End of startup status: HIGH
refresh_hw_device [lindex [get_hw_devices xc7a35t_0] 0]
INFO: [Labtools 27-1434] Device xc7a35t (JTAG device index = 0) is programmed with a design that has no supported debug core(s) in it.
WARNING: [Labtools 27-3123] The debug hub core was not detected at User Scan Chain 1 or 3.
Resolution: 
1. Make sure the clock connected to the debug hub (dbg_hub) core is a free running clock and is active OR
2. Manually launch hw_server with -e "set xsdb-user-bscan <C_USER_SCAN_CHAIN scan_chain_number>" to detect the debug hub at User Scan Chain of 2 or 4. To determine the user scan chain setting, open the implemented design and use: get_property C_USER_SCAN_CHAIN [get_debug_cores dbg_hub].
WARNING: [Labtoolstcl 44-130] No matching hw_ilas were found.
WARNING: [Labtoolstcl 44-130] No matching hw_ilas were found.
WARNING: [Labtoolstcl 44-130] No matching hw_ilas were found.
WARNING: [Labtoolstcl 44-130] No matching hw_ilas were found.
ERROR: [Labtools 27-2269] No devices detected on target localhost:3121/xilinx_tcf/Digilent/210183739365A.
Check cable connectivity and that the target board is powered up then
use the disconnect_hw_server and connect_hw_server to re-register this hardware target.
ERROR: [Labtoolstcl 44-513] HW Target shutdown. Closing target: localhost:3121/xilinx_tcf/Digilent/210183739365A
exit
INFO: [Common 17-206] Exiting Vivado at Mon Aug 06 22:21:37 2018...
